14:41:45.989 [main                     ] DEBUG Logger               - Configured Logger
14:41:46.091 [main                     ] DEBUG GameApplication      - Logging settings
Title: Pac-Man
Version: 0.0
Width: 1000
Height: 700
Fullscreen: false
Intro: false
Profiling: false
Single step:false
App Mode: DEVELOPER
Menu Key: ESCAPE
Stage Style: DECORATED
Scene Factory: class com.almasb.fxgl.app.scene.SceneFactory

14:41:46.582 [JavaFX Application Thread] DEBUG FXGLApplication      - Initializing FXGL
14:41:46.593 [JavaFX Application Thread] INFO  Engine               - FXGL-17.3 (30.03.2023 11.49) on MAC (J:17.0.14 FX:21)
14:41:46.595 [JavaFX Application Thread] DEBUG Engine               - JRE Vendor Name: Eclipse Adoptium
14:41:46.595 [JavaFX Application Thread] DEBUG Engine               - Running on OS: Mac OS X version 13.5
14:41:46.596 [JavaFX Application Thread] DEBUG Engine               - Architecture: x86_64
14:41:46.596 [JavaFX Application Thread] INFO  Engine               - Source code and latest versions at: https://github.com/AlmasB/FXGL
14:41:46.596 [JavaFX Application Thread] INFO  Engine               -       Ask questions and discuss at: https://github.com/AlmasB/FXGL/discussions
14:41:46.596 [JavaFX Application Thread] INFO  Engine               -              Join the FXGL chat at: https://gitter.im/AlmasB/FXGL
14:41:46.716 [JavaFX Application Thread] DEBUG PrimaryStageWindow   - Creating a JavaFX scene
14:41:46.781 [JavaFX Application Thread] DEBUG PrimaryStageWindow   - Target settings size: 1000.0 x 700.0
14:41:46.782 [JavaFX Application Thread] DEBUG PrimaryStageWindow   - Scaled scene size:    1000.0 x 700.0
14:41:46.783 [JavaFX Application Thread] DEBUG PrimaryStageWindow   - Scaled ratio: (1.0, 1.0)
14:41:46.785 [JavaFX Application Thread] DEBUG PrimaryStageWindow   - Set initial scene to FXGLStartupScene
14:41:46.791 [JavaFX Application Thread] DEBUG PrimaryStageWindow   - Opening main window
14:41:46.909 [JavaFX Application Thread] DEBUG PrimaryStageWindow   - Window border size: (0.0, 28.0)
14:41:46.909 [JavaFX Application Thread] DEBUG PrimaryStageWindow   - Scaled size: 1000.0 x 700.0
14:41:46.909 [JavaFX Application Thread] DEBUG PrimaryStageWindow   - Scaled ratio: (1.0, 1.0)
14:41:46.911 [JavaFX Application Thread] DEBUG PrimaryStageWindow   - Scene size: 1000.0 x 700.0
14:41:46.911 [JavaFX Application Thread] DEBUG PrimaryStageWindow   - Stage size: 1000.0 x 728.0
14:41:46.919 [FXGL Background Thread 1 ] DEBUG Engine               - Initializing environment variables
14:41:47.070 [FXGL Background Thread 1 ] DEBUG FXGLAssetLoaderServi - User app class for loading assets: class org.example.Main
14:41:47.083 [FXGL Background Thread 1 ] DEBUG GameApplicationServi - Applying CSS: fxgl_dark.css
14:41:47.099 [FXGL Background Thread 1 ] DEBUG FXGLAssetLoaderServi - Loading from file system: jar:file:/Users/sofya/.gradle/caches/modules-2/files-2.1/com.github.almasb/fxgl/17.3/614d2b2607c97fe7b539dfa75036066a8010f74b/fxgl-17.3.jar!/fxglassets/ui/css/fxgl_dark.css
14:41:47.210 [FXGL Background Thread 1 ] DEBUG GameApplicationServi - Initializing application scenes
14:41:47.536 [FXGL Background Thread 1 ] DEBUG GameWorld            - Game world initialized
14:41:47.616 [FXGL Background Thread 1 ] DEBUG PhysicsWorld         - Physics world initialized: appHeight=700, physics.ppm=50,0
14:41:47.616 [FXGL Background Thread 1 ] DEBUG PhysicsWorld         - Using strategy: BRUTE_FORCE
14:41:47.628 [FXGL Background Thread 1 ] DEBUG GameScene            - Game scene initialized: 1000x700
14:41:47.654 [FXGL Background Thread 1 ] DEBUG FXGL.DefaultMenu     - createMenuBodyGameMenu()
14:41:47.668 [FXGL Background Thread 1 ] DEBUG FXGL.DefaultMenu     - createOptionsMenu()
14:41:47.689 [FXGL Background Thread 1 ] DEBUG FXGLAssetLoaderServi - Loading from file system: jar:file:/Users/sofya/.gradle/caches/modules-2/files-2.1/com.github.almasb/fxgl/17.3/614d2b2607c97fe7b539dfa75036066a8010f74b/fxgl-17.3.jar!/fxglassets/textures/particles/smoke.png
14:41:47.919 [FXGL Background Thread 1 ] DEBUG FXGLAssetLoaderServi - Loading from file system: jar:file:/Users/sofya/.gradle/caches/modules-2/files-2.1/com.github.almasb/fxgl/17.3/614d2b2607c97fe7b539dfa75036066a8010f74b/fxgl-17.3.jar!/fxglassets/textures/particles/trace_horizontal.png
14:41:47.971 [FXGL Background Thread 1 ] DEBUG GameApplicationServi - Application scenes initialized
14:41:47.995 [FXGL Background Thread 1 ] DEBUG SystemBundleService  - Loading FXGL system data
14:41:48.000 [FXGL Background Thread 1 ] DEBUG FileSystemAccess     - Reading from: /Users/sofya/javaLabs/untitled/system/fxgl.bundle
14:41:48.013 [FXGL Background Thread 1 ] DEBUG SystemBundleService  - Bundle FXGL: {}
14:41:48.013 [FXGL Background Thread 1 ] DEBUG UpdaterService       - Checking for updates
14:41:48.019 [FXGL Background Thread 4 ] DEBUG FXGLApplication      - Loading fonts
14:41:48.021 [FXGL Background Thread 1 ] DEBUG FXGLApplication      - Loading default localization
14:41:48.024 [FXGL Background Thread 1 ] DEBUG FXGLAssetLoaderServi - Loading from file system: jar:file:/Users/sofya/.gradle/caches/modules-2/files-2.1/com.github.almasb/fxgl/17.3/614d2b2607c97fe7b539dfa75036066a8010f74b/fxgl-17.3.jar!/fxglassets/languages/english.lang
14:41:48.025 [FXGL Background Thread 4 ] DEBUG FXGLAssetLoaderServi - Loading from file system: jar:file:/Users/sofya/.gradle/caches/modules-2/files-2.1/com.github.almasb/fxgl/17.3/614d2b2607c97fe7b539dfa75036066a8010f74b/fxgl-17.3.jar!/fxglassets/ui/fonts/VarelaRound-Regular.ttf
14:41:48.090 [FXGL Background Thread 1 ] INFO  FXGLApplication      - FXGL initialization took: 1,168 sec
14:41:48.093 [FXGL Background Thread 4 ] DEBUG FXGLAssetLoaderServi - Loading from file system: jar:file:/Users/sofya/.gradle/caches/modules-2/files-2.1/com.github.almasb/fxgl/17.3/614d2b2607c97fe7b539dfa75036066a8010f74b/fxgl-17.3.jar!/fxglassets/ui/fonts/Abel-Regular.ttf
14:41:48.099 [FXGL Background Thread 4 ] DEBUG FXGLAssetLoaderServi - Loading from file system: jar:file:/Users/sofya/.gradle/caches/modules-2/files-2.1/com.github.almasb/fxgl/17.3/614d2b2607c97fe7b539dfa75036066a8010f74b/fxgl-17.3.jar!/fxglassets/ui/fonts/TerminalLandMono-Regular.otf
14:41:48.104 [JavaFX Application Thread] DEBUG Input                - Registered new binding: action0 - Up
14:41:48.104 [JavaFX Application Thread] DEBUG Input                - Registered new binding: action1 - Down
14:41:48.105 [JavaFX Application Thread] DEBUG Input                - Registered new binding: action2 - Left
14:41:48.106 [JavaFX Application Thread] DEBUG Input                - Registered new binding: action3 - Right
14:41:48.107 [FXGL Background Thread 4 ] DEBUG FXGLAssetLoaderServi - Loading from file system: jar:file:/Users/sofya/.gradle/caches/modules-2/files-2.1/com.github.almasb/fxgl/17.3/614d2b2607c97fe7b539dfa75036066a8010f74b/fxgl-17.3.jar!/fxglassets/ui/fonts/Courier-Prime.ttf
14:41:48.110 [JavaFX Application Thread] DEBUG Input                - Registered new binding: action4 - Enter
14:41:48.111 [JavaFX Application Thread] DEBUG FXGLAssetLoaderServi - Loading from file system: jar:file:/Users/sofya/.gradle/caches/modules-2/files-2.1/com.github.almasb/fxgl/17.3/614d2b2607c97fe7b539dfa75036066a8010f74b/fxgl-17.3.jar!/fxglassets/textures/fxgl_icon.png
14:41:48.188 [JavaFX Application Thread] DEBUG FXGLAssetLoaderServi - Loading from file system: jar:file:/Users/sofya/.gradle/caches/modules-2/files-2.1/com.github.almasb/fxgl/17.3/614d2b2607c97fe7b539dfa75036066a8010f74b/fxgl-17.3.jar!/fxglassets/textures/fxgl_default_cursor.png
14:41:48.202 [JavaFX Application Thread] DEBUG Input                - Registered new binding: Screenshot - CTRL+8
14:41:48.203 [JavaFX Application Thread] DEBUG Input                - Registered new binding: System info dump - CTRL+9
14:41:48.205 [JavaFX Application Thread] DEBUG Input                - Registered new binding: Restart - CTRL+R
14:41:48.205 [JavaFX Application Thread] DEBUG Input                - Registered new binding: Toggle Debug Camera - CTRL+7
14:41:48.212 [JavaFX Application Thread] DEBUG LoopRunner           - Starting loop
14:41:48.212 [JavaFX Application Thread] DEBUG LoopRunner           - Initializing JavaFX AnimationTimerLoop
14:41:48.215 [JavaFX Application Thread] DEBUG GameApplicationServi - Starting new game
14:41:48.216 [JavaFX Application Thread] DEBUG Input                - Clearing active input actions
14:41:48.285 [JavaFX Application Thread] DEBUG GameApplicationServi - Removing overlay from FXGLStartupScene and adding to FXGLLoadingScene
14:41:48.288 [JavaFX Application Thread] DEBUG PrimaryStageWindow   - FXGLStartupScene -> FXGLLoadingScene
14:41:48.289 [JavaFX Application Thread] DEBUG GameApplicationServi - Clearing previous game
14:41:48.290 [JavaFX Application Thread] DEBUG GameScene            - Clearing game scene
14:41:48.290 [JavaFX Application Thread] DEBUG GameWorld            - Clearing game world
14:41:48.290 [JavaFX Application Thread] DEBUG PhysicsWorld         - Clearing physics world
14:41:48.294 [FXGL Background Thread 4 ] DEBUG FXGLApplication      - Initializing game
14:41:48.327 [JavaFX Application Thread] DEBUG FXGLApplication      - Registering font factories with UI factory
14:41:48.884 [FXGL Background Thread 4 ] INFO  FXGLApplication      - Game initialization took: 0,587 sec
14:41:48.888 [JavaFX Application Thread] DEBUG Input                - Clearing active input actions
14:41:48.969 [JavaFX Application Thread] DEBUG GameApplicationServi - Removing overlay from FXGLLoadingScene and adding to GameScene
14:41:48.977 [JavaFX Application Thread] DEBUG PrimaryStageWindow   - FXGLLoadingScene -> GameScene
14:41:49.625 [FXGL Background Thread 2 ] INFO  UpdaterService       - Your current version:  17.3
14:41:49.629 [FXGL Background Thread 2 ] INFO  UpdaterService       - Latest stable version: 21.1
14:41:51.021 [FXGL Background Thread 3 ] DEBUG Engine               - Logging environment variables
14:41:51.029 [FXGL Background Thread 3 ] DEBUG Engine               - achievements: []
14:41:51.030 [FXGL Background Thread 3 ] DEBUG Engine               - actualHeight: 700.0
14:41:51.030 [FXGL Background Thread 3 ] DEBUG Engine               - actualHeightProperty: ReadOnlyDoubleProperty [value: 700.0]
14:41:51.031 [FXGL Background Thread 3 ] DEBUG Engine               - actualWidth: 1000.0
14:41:51.031 [FXGL Background Thread 3 ] DEBUG Engine               - actualWidthProperty: ReadOnlyDoubleProperty [value: 1000.0]
14:41:51.031 [FXGL Background Thread 3 ] DEBUG Engine               - appIcon: fxgl_icon.png
14:41:51.031 [FXGL Background Thread 3 ] DEBUG Engine               - applicationMode: DEVELOPER
14:41:51.032 [FXGL Background Thread 3 ] DEBUG Engine               - cSSList: [fxgl_dark.css]
14:41:51.032 [FXGL Background Thread 3 ] DEBUG Engine               - collisionDetectionStrategy: BRUTE_FORCE
14:41:51.032 [FXGL Background Thread 3 ] DEBUG Engine               - configClass: Optional.empty
14:41:51.032 [FXGL Background Thread 3 ] DEBUG Engine               - credits: []
14:41:51.033 [FXGL Background Thread 3 ] DEBUG Engine               - defaultCursor: CursorInfo(imageName=fxgl_default_cursor.png, hotspotX=7.0, hotspotY=6.0)
14:41:51.039 [FXGL Background Thread 3 ] DEBUG Engine               - devBBoxColorProperty: ObjectProperty [value: 0xff0000ff]
14:41:51.040 [FXGL Background Thread 3 ] DEBUG Engine               - devEnableDebugCameraProperty: BooleanProperty [value: false]
14:41:51.040 [FXGL Background Thread 3 ] DEBUG Engine               - devSensorColorProperty: ObjectProperty [value: 0xffff00ff]
14:41:51.040 [FXGL Background Thread 3 ] DEBUG Engine               - devShowBBoxProperty: BooleanProperty [value: false]
14:41:51.040 [FXGL Background Thread 3 ] DEBUG Engine               - devShowPositionProperty: BooleanProperty [value: false]
14:41:51.040 [FXGL Background Thread 3 ] DEBUG Engine               - enabledMenuItems: []
14:41:51.040 [FXGL Background Thread 3 ] DEBUG Engine               - engineServices: [class com.almasb.fxgl.app.services.FXGLAssetLoaderService, class com.almasb.fxgl.app.FXGLApplication$GameApplicationService, class com.almasb.fxgl.app.services.FXGLDialogService, class com.almasb.fxgl.app.services.IOTaskExecutorService, class com.almasb.fxgl.io.FileSystemService, class com.almasb.fxgl.localization.LocalizationService, class com.almasb.fxgl.app.services.SystemBundleService, class com.almasb.fxgl.profile.SaveLoadService, class com.almasb.fxgl.ui.FXGLUIFactoryServiceProvider, class com.almasb.fxgl.ui.FXGLDialogFactoryServiceProvider, class com.almasb.fxgl.audio.AudioPlayer, class com.almasb.fxgl.notification.impl.NotificationServiceProvider, class com.almasb.fxgl.achievement.AchievementService, class com.almasb.fxgl.cutscene.CutsceneService, class com.almasb.fxgl.minigames.MiniGameService, class com.almasb.fxgl.net.NetService, class com.almasb.fxgl.app.services.UpdaterService, class com.almasb.fxgl.dev.DevService]
14:41:51.040 [FXGL Background Thread 3 ] DEBUG Engine               - fontGame: Abel-Regular.ttf
14:41:51.040 [FXGL Background Thread 3 ] DEBUG Engine               - fontMono: TerminalLandMono-Regular.otf
14:41:51.041 [FXGL Background Thread 3 ] DEBUG Engine               - fontSizeScaleUI: 1.0
14:41:51.041 [FXGL Background Thread 3 ] DEBUG Engine               - fontText: Courier-Prime.ttf
14:41:51.041 [FXGL Background Thread 3 ] DEBUG Engine               - fontUI: VarelaRound-Regular.ttf
14:41:51.041 [FXGL Background Thread 3 ] DEBUG Engine               - fullScreen: BooleanProperty [value: false]
14:41:51.043 [FXGL Background Thread 3 ] DEBUG Engine               - gameDifficulty: MEDIUM
14:41:51.043 [FXGL Background Thread 3 ] DEBUG Engine               - gameDifficultyProperty: ObjectProperty [value: MEDIUM]
14:41:51.043 [FXGL Background Thread 3 ] DEBUG Engine               - globalMusicVolume: 0.5
14:41:51.043 [FXGL Background Thread 3 ] DEBUG Engine               - globalMusicVolumeProperty: DoubleProperty [value: 0.5]
14:41:51.043 [FXGL Background Thread 3 ] DEBUG Engine               - globalSoundVolume: 0.5
14:41:51.043 [FXGL Background Thread 3 ] DEBUG Engine               - globalSoundVolumeProperty: DoubleProperty [value: 0.5]
14:41:51.043 [FXGL Background Thread 3 ] DEBUG Engine               - height: 700
14:41:51.043 [FXGL Background Thread 3 ] DEBUG Engine               - is3D: false
14:41:51.044 [FXGL Background Thread 3 ] DEBUG Engine               - isAndroid: false
14:41:51.044 [FXGL Background Thread 3 ] DEBUG Engine               - isBrowser: false
14:41:51.044 [FXGL Background Thread 3 ] DEBUG Engine               - isClickFeedbackEnabled: false
14:41:51.044 [FXGL Background Thread 3 ] DEBUG Engine               - isCloseConfirmation: false
14:41:51.044 [FXGL Background Thread 3 ] DEBUG Engine               - isDesktop: true
14:41:51.044 [FXGL Background Thread 3 ] DEBUG Engine               - isDeveloperMenuEnabled: false
14:41:51.044 [FXGL Background Thread 3 ] DEBUG Engine               - isEmbedded: false
14:41:51.044 [FXGL Background Thread 3 ] DEBUG Engine               - isEntityPreloadEnabled: true
14:41:51.045 [FXGL Background Thread 3 ] DEBUG Engine               - isExperimentalTiledLargeMap: false
14:41:51.045 [FXGL Background Thread 3 ] DEBUG Engine               - isFileSystemWriteAllowed: true
14:41:51.045 [FXGL Background Thread 3 ] DEBUG Engine               - isFullScreenAllowed: false
14:41:51.045 [FXGL Background Thread 3 ] DEBUG Engine               - isFullScreenFromStart: false
14:41:51.045 [FXGL Background Thread 3 ] DEBUG Engine               - isGameMenuEnabled: true
14:41:51.045 [FXGL Background Thread 3 ] DEBUG Engine               - isIOS: false
14:41:51.045 [FXGL Background Thread 3 ] DEBUG Engine               - isIntroEnabled: false
14:41:51.045 [FXGL Background Thread 3 ] DEBUG Engine               - isLinux: false
14:41:51.045 [FXGL Background Thread 3 ] DEBUG Engine               - isMac: true
14:41:51.045 [FXGL Background Thread 3 ] DEBUG Engine               - isMainMenuEnabled: false
14:41:51.046 [FXGL Background Thread 3 ] DEBUG Engine               - isManualResizeEnabled: false
14:41:51.047 [FXGL Background Thread 3 ] DEBUG Engine               - isMobile: false
14:41:51.047 [FXGL Background Thread 3 ] DEBUG Engine               - isNative: false
14:41:51.047 [FXGL Background Thread 3 ] DEBUG Engine               - isPauseMusicWhenMinimized: true
14:41:51.047 [FXGL Background Thread 3 ] DEBUG Engine               - isPreserveResizeRatio: false
14:41:51.047 [FXGL Background Thread 3 ] DEBUG Engine               - isProfilingEnabled: false
14:41:51.047 [FXGL Background Thread 3 ] DEBUG Engine               - isScaleAffectedOnResize: true
14:41:51.047 [FXGL Background Thread 3 ] DEBUG Engine               - isSingleStep: false
14:41:51.047 [FXGL Background Thread 3 ] DEBUG Engine               - isUserProfileEnabled: false
14:41:51.047 [FXGL Background Thread 3 ] DEBUG Engine               - isWindows: false
14:41:51.047 [FXGL Background Thread 3 ] DEBUG Engine               - language: ObjectProperty [value: ENGLISH]
14:41:51.048 [FXGL Background Thread 3 ] DEBUG Engine               - menuKey: ESCAPE
14:41:51.048 [FXGL Background Thread 3 ] DEBUG Engine               - mouseSensitivity: 0.2
14:41:51.048 [FXGL Background Thread 3 ] DEBUG Engine               - notificationViewClass: class com.almasb.fxgl.notification.view.XboxNotificationView
14:41:51.049 [FXGL Background Thread 3 ] DEBUG Engine               - pixelsPerMeter: 50.0
14:41:51.049 [FXGL Background Thread 3 ] DEBUG Engine               - platform: MAC
14:41:51.049 [FXGL Background Thread 3 ] DEBUG Engine               - prefHeightProperty: ReadOnlyDoubleProperty [value: 700.0]
14:41:51.049 [FXGL Background Thread 3 ] DEBUG Engine               - prefWidthProperty: ReadOnlyDoubleProperty [value: 1000.0]
14:41:51.049 [FXGL Background Thread 3 ] DEBUG Engine               - profileDir: profiles/
14:41:51.049 [FXGL Background Thread 3 ] DEBUG Engine               - profileName: StringProperty [value: DEFAULT]
14:41:51.050 [FXGL Background Thread 3 ] DEBUG Engine               - randomSeed: -1
14:41:51.050 [FXGL Background Thread 3 ] DEBUG Engine               - runtimeInfo: RuntimeInfo(platform=MAC, version=17.3, build=30.03.2023 11.49)
14:41:51.050 [FXGL Background Thread 3 ] DEBUG Engine               - saveFileExt: sav
14:41:51.050 [FXGL Background Thread 3 ] DEBUG Engine               - scaledHeightProp$fxgl: DoubleProperty [bound, value: 700.0]
14:41:51.050 [FXGL Background Thread 3 ] DEBUG Engine               - scaledWidthProp$fxgl: DoubleProperty [bound, value: 1000.0]
14:41:51.050 [FXGL Background Thread 3 ] DEBUG Engine               - sceneFactory: com.almasb.fxgl.app.scene.SceneFactory@3126b946
14:41:51.051 [FXGL Background Thread 3 ] DEBUG Engine               - secondsIn24h: 60
14:41:51.051 [FXGL Background Thread 3 ] DEBUG Engine               - soundMenuBack: menu/back.wav
14:41:51.051 [FXGL Background Thread 3 ] DEBUG Engine               - soundMenuPress: menu/press.wav
14:41:51.051 [FXGL Background Thread 3 ] DEBUG Engine               - soundMenuSelect: menu/select.wav
14:41:51.051 [FXGL Background Thread 3 ] DEBUG Engine               - soundNotification: core/notification.wav
14:41:51.051 [FXGL Background Thread 3 ] DEBUG Engine               - stageStyle: DECORATED
14:41:51.051 [FXGL Background Thread 3 ] DEBUG Engine               - supportedLanguages: [ENGLISH, FRENCH, GERMAN, HUNGARIAN, RUSSIAN]
14:41:51.051 [FXGL Background Thread 3 ] DEBUG Engine               - ticksPerSecond: -1
14:41:51.051 [FXGL Background Thread 3 ] DEBUG Engine               - title: Pac-Man
14:41:51.051 [FXGL Background Thread 3 ] DEBUG Engine               - urlGithub: https://github.com/AlmasB/FXGL
14:41:51.051 [FXGL Background Thread 3 ] DEBUG Engine               - urlLeaderboard: http://fxgl-top.herokuapp.com/
14:41:51.051 [FXGL Background Thread 3 ] DEBUG Engine               - urlPOM: https://raw.githubusercontent.com/AlmasB/FXGL/release/README.md
14:41:51.051 [FXGL Background Thread 3 ] DEBUG Engine               - userAppClass: class org.example.Main
14:41:51.051 [FXGL Background Thread 3 ] DEBUG Engine               - version: 0.0
14:41:51.051 [FXGL Background Thread 3 ] DEBUG Engine               - versionCheckDays: 7
14:41:51.051 [FXGL Background Thread 3 ] DEBUG Engine               - width: 1000
14:41:51.051 [FXGL Background Thread 3 ] DEBUG Engine               - Logging services
14:41:51.051 [FXGL Background Thread 3 ] DEBUG Engine               - class com.almasb.fxgl.app.services.FXGLAssetLoaderService
14:41:51.051 [FXGL Background Thread 3 ] DEBUG Engine               - class com.almasb.fxgl.app.FXGLApplication$GameApplicationService
14:41:51.051 [FXGL Background Thread 3 ] DEBUG Engine               - class com.almasb.fxgl.app.services.FXGLDialogService
14:41:51.051 [FXGL Background Thread 3 ] DEBUG Engine               - class com.almasb.fxgl.app.services.IOTaskExecutorService
14:41:51.051 [FXGL Background Thread 3 ] DEBUG Engine               - class com.almasb.fxgl.io.FileSystemService
14:41:51.051 [FXGL Background Thread 3 ] DEBUG Engine               - class com.almasb.fxgl.localization.LocalizationService
14:41:51.051 [FXGL Background Thread 3 ] DEBUG Engine               - class com.almasb.fxgl.app.services.SystemBundleService
14:41:51.051 [FXGL Background Thread 3 ] DEBUG Engine               - class com.almasb.fxgl.profile.SaveLoadService
14:41:51.051 [FXGL Background Thread 3 ] DEBUG Engine               - class com.almasb.fxgl.ui.FXGLUIFactoryServiceProvider
14:41:51.051 [FXGL Background Thread 3 ] DEBUG Engine               - class com.almasb.fxgl.ui.FXGLDialogFactoryServiceProvider
14:41:51.051 [FXGL Background Thread 3 ] DEBUG Engine               - class com.almasb.fxgl.audio.AudioPlayer
14:41:51.051 [FXGL Background Thread 3 ] DEBUG Engine               - class com.almasb.fxgl.notification.impl.NotificationServiceProvider
14:41:51.052 [FXGL Background Thread 3 ] DEBUG Engine               - class com.almasb.fxgl.achievement.AchievementService
14:41:51.052 [FXGL Background Thread 3 ] DEBUG Engine               - class com.almasb.fxgl.cutscene.CutsceneService
14:41:51.052 [FXGL Background Thread 3 ] DEBUG Engine               - class com.almasb.fxgl.minigames.MiniGameService
14:41:51.052 [FXGL Background Thread 3 ] DEBUG Engine               - class com.almasb.fxgl.net.NetService
14:41:51.052 [FXGL Background Thread 3 ] DEBUG Engine               - class com.almasb.fxgl.app.services.UpdaterService
14:41:51.052 [FXGL Background Thread 3 ] DEBUG Engine               - class com.almasb.fxgl.dev.DevService
14:42:17.478 [JavaFX Application Thread] DEBUG FXGLApplication      - Exiting FXGL
14:42:17.483 [JavaFX Application Thread] DEBUG LoopRunner           - Stopping loop
14:42:17.484 [JavaFX Application Thread] DEBUG SystemBundleService  - Saving FXGL system data
14:42:17.490 [JavaFX Application Thread] DEBUG FileSystemAccess     - Writing to: /Users/sofya/javaLabs/untitled/system/fxgl.bundle
14:42:17.499 [JavaFX Application Thread] DEBUG Async                - Shutting down background threads
14:42:17.502 [JavaFX Application Thread] DEBUG PrimaryStageWindow   - Closing main window
14:42:17.514 [JavaFX Application Thread] DEBUG Logger               - Closing Logger
