14:47:15.002 [main                     ] DEBUG Logger               - Configured Logger
14:47:15.103 [main                     ] DEBUG GameApplication      - Logging settings
Title: Pac-Man
Version: 0.0
Width: 1000
Height: 700
Fullscreen: false
Intro: false
Profiling: false
Single step:false
App Mode: DEVELOPER
Menu Key: ESCAPE
Stage Style: DECORATED
Scene Factory: class com.almasb.fxgl.app.scene.SceneFactory

14:47:15.583 [JavaFX Application Thread] DEBUG FXGLApplication      - Initializing FXGL
14:47:15.595 [JavaFX Application Thread] INFO  Engine               - FXGL-17.3 (30.03.2023 11.49) on MAC (J:17.0.14 FX:21)
14:47:15.596 [JavaFX Application Thread] DEBUG Engine               - JRE Vendor Name: Eclipse Adoptium
14:47:15.597 [JavaFX Application Thread] DEBUG Engine               - Running on OS: Mac OS X version 13.5
14:47:15.597 [JavaFX Application Thread] DEBUG Engine               - Architecture: x86_64
14:47:15.597 [JavaFX Application Thread] INFO  Engine               - Source code and latest versions at: https://github.com/AlmasB/FXGL
14:47:15.597 [JavaFX Application Thread] INFO  Engine               -       Ask questions and discuss at: https://github.com/AlmasB/FXGL/discussions
14:47:15.598 [JavaFX Application Thread] INFO  Engine               -              Join the FXGL chat at: https://gitter.im/AlmasB/FXGL
14:47:15.719 [JavaFX Application Thread] DEBUG PrimaryStageWindow   - Creating a JavaFX scene
14:47:15.786 [JavaFX Application Thread] DEBUG PrimaryStageWindow   - Target settings size: 1000.0 x 700.0
14:47:15.786 [JavaFX Application Thread] DEBUG PrimaryStageWindow   - Scaled scene size:    1000.0 x 700.0
14:47:15.787 [JavaFX Application Thread] DEBUG PrimaryStageWindow   - Scaled ratio: (1.0, 1.0)
14:47:15.789 [JavaFX Application Thread] DEBUG PrimaryStageWindow   - Set initial scene to FXGLStartupScene
14:47:15.795 [JavaFX Application Thread] DEBUG PrimaryStageWindow   - Opening main window
14:47:15.904 [JavaFX Application Thread] DEBUG PrimaryStageWindow   - Window border size: (0.0, 28.0)
14:47:15.905 [JavaFX Application Thread] DEBUG PrimaryStageWindow   - Scaled size: 1000.0 x 700.0
14:47:15.905 [JavaFX Application Thread] DEBUG PrimaryStageWindow   - Scaled ratio: (1.0, 1.0)
14:47:15.907 [JavaFX Application Thread] DEBUG PrimaryStageWindow   - Scene size: 1000.0 x 700.0
14:47:15.908 [JavaFX Application Thread] DEBUG PrimaryStageWindow   - Stage size: 1000.0 x 728.0
14:47:15.919 [FXGL Background Thread 1 ] DEBUG Engine               - Initializing environment variables
14:47:16.059 [FXGL Background Thread 1 ] DEBUG FXGLAssetLoaderServi - User app class for loading assets: class org.example.Main
14:47:16.082 [FXGL Background Thread 1 ] DEBUG GameApplicationServi - Applying CSS: fxgl_dark.css
14:47:16.089 [FXGL Background Thread 1 ] DEBUG FXGLAssetLoaderServi - Loading from file system: jar:file:/Users/sofya/.gradle/caches/modules-2/files-2.1/com.github.almasb/fxgl/17.3/614d2b2607c97fe7b539dfa75036066a8010f74b/fxgl-17.3.jar!/fxglassets/ui/css/fxgl_dark.css
14:47:16.206 [FXGL Background Thread 1 ] DEBUG GameApplicationServi - Initializing application scenes
14:47:16.557 [FXGL Background Thread 1 ] DEBUG GameWorld            - Game world initialized
14:47:16.640 [FXGL Background Thread 1 ] DEBUG PhysicsWorld         - Physics world initialized: appHeight=700, physics.ppm=50,0
14:47:16.641 [FXGL Background Thread 1 ] DEBUG PhysicsWorld         - Using strategy: BRUTE_FORCE
14:47:16.654 [FXGL Background Thread 1 ] DEBUG GameScene            - Game scene initialized: 1000x700
14:47:16.679 [FXGL Background Thread 1 ] DEBUG FXGL.DefaultMenu     - createMenuBodyGameMenu()
14:47:16.695 [FXGL Background Thread 1 ] DEBUG FXGL.DefaultMenu     - createOptionsMenu()
14:47:16.716 [FXGL Background Thread 1 ] DEBUG FXGLAssetLoaderServi - Loading from file system: jar:file:/Users/sofya/.gradle/caches/modules-2/files-2.1/com.github.almasb/fxgl/17.3/614d2b2607c97fe7b539dfa75036066a8010f74b/fxgl-17.3.jar!/fxglassets/textures/particles/smoke.png
14:47:16.932 [FXGL Background Thread 1 ] DEBUG FXGLAssetLoaderServi - Loading from file system: jar:file:/Users/sofya/.gradle/caches/modules-2/files-2.1/com.github.almasb/fxgl/17.3/614d2b2607c97fe7b539dfa75036066a8010f74b/fxgl-17.3.jar!/fxglassets/textures/particles/trace_horizontal.png
14:47:16.992 [FXGL Background Thread 1 ] DEBUG GameApplicationServi - Application scenes initialized
14:47:17.042 [FXGL Background Thread 1 ] DEBUG SystemBundleService  - Loading FXGL system data
14:47:17.048 [FXGL Background Thread 1 ] DEBUG FileSystemAccess     - Reading from: /Users/sofya/javaLabs/untitled/system/fxgl.bundle
14:47:17.061 [FXGL Background Thread 1 ] DEBUG SystemBundleService  - Bundle FXGL: {}
14:47:17.061 [FXGL Background Thread 1 ] DEBUG UpdaterService       - Checking for updates
14:47:17.070 [FXGL Background Thread 4 ] DEBUG FXGLApplication      - Loading fonts
14:47:17.071 [FXGL Background Thread 1 ] DEBUG FXGLApplication      - Loading default localization
14:47:17.073 [FXGL Background Thread 4 ] DEBUG FXGLAssetLoaderServi - Loading from file system: jar:file:/Users/sofya/.gradle/caches/modules-2/files-2.1/com.github.almasb/fxgl/17.3/614d2b2607c97fe7b539dfa75036066a8010f74b/fxgl-17.3.jar!/fxglassets/ui/fonts/VarelaRound-Regular.ttf
14:47:17.074 [FXGL Background Thread 1 ] DEBUG FXGLAssetLoaderServi - Loading from file system: jar:file:/Users/sofya/.gradle/caches/modules-2/files-2.1/com.github.almasb/fxgl/17.3/614d2b2607c97fe7b539dfa75036066a8010f74b/fxgl-17.3.jar!/fxglassets/languages/english.lang
14:47:17.133 [FXGL Background Thread 1 ] INFO  FXGLApplication      - FXGL initialization took: 1,211 sec
14:47:17.134 [FXGL Background Thread 4 ] DEBUG FXGLAssetLoaderServi - Loading from file system: jar:file:/Users/sofya/.gradle/caches/modules-2/files-2.1/com.github.almasb/fxgl/17.3/614d2b2607c97fe7b539dfa75036066a8010f74b/fxgl-17.3.jar!/fxglassets/ui/fonts/Abel-Regular.ttf
14:47:17.140 [FXGL Background Thread 4 ] DEBUG FXGLAssetLoaderServi - Loading from file system: jar:file:/Users/sofya/.gradle/caches/modules-2/files-2.1/com.github.almasb/fxgl/17.3/614d2b2607c97fe7b539dfa75036066a8010f74b/fxgl-17.3.jar!/fxglassets/ui/fonts/TerminalLandMono-Regular.otf
14:47:17.144 [FXGL Background Thread 4 ] DEBUG FXGLAssetLoaderServi - Loading from file system: jar:file:/Users/sofya/.gradle/caches/modules-2/files-2.1/com.github.almasb/fxgl/17.3/614d2b2607c97fe7b539dfa75036066a8010f74b/fxgl-17.3.jar!/fxglassets/ui/fonts/Courier-Prime.ttf
14:47:17.145 [JavaFX Application Thread] DEBUG Input                - Registered new binding: action0 - Up
14:47:17.145 [JavaFX Application Thread] DEBUG Input                - Registered new binding: action1 - Down
14:47:17.146 [JavaFX Application Thread] DEBUG Input                - Registered new binding: action2 - Left
14:47:17.147 [JavaFX Application Thread] DEBUG Input                - Registered new binding: action3 - Right
14:47:17.148 [JavaFX Application Thread] DEBUG Input                - Registered new binding: action4 - Enter
14:47:17.151 [JavaFX Application Thread] DEBUG FXGLAssetLoaderServi - Loading from file system: jar:file:/Users/sofya/.gradle/caches/modules-2/files-2.1/com.github.almasb/fxgl/17.3/614d2b2607c97fe7b539dfa75036066a8010f74b/fxgl-17.3.jar!/fxglassets/textures/fxgl_icon.png
14:47:17.234 [JavaFX Application Thread] DEBUG FXGLAssetLoaderServi - Loading from file system: jar:file:/Users/sofya/.gradle/caches/modules-2/files-2.1/com.github.almasb/fxgl/17.3/614d2b2607c97fe7b539dfa75036066a8010f74b/fxgl-17.3.jar!/fxglassets/textures/fxgl_default_cursor.png
14:47:17.246 [JavaFX Application Thread] DEBUG Input                - Registered new binding: Screenshot - CTRL+8
14:47:17.248 [JavaFX Application Thread] DEBUG Input                - Registered new binding: System info dump - CTRL+9
14:47:17.248 [JavaFX Application Thread] DEBUG Input                - Registered new binding: Restart - CTRL+R
14:47:17.250 [JavaFX Application Thread] DEBUG Input                - Registered new binding: Toggle Debug Camera - CTRL+7
14:47:17.257 [JavaFX Application Thread] DEBUG LoopRunner           - Starting loop
14:47:17.258 [JavaFX Application Thread] DEBUG LoopRunner           - Initializing JavaFX AnimationTimerLoop
14:47:17.259 [JavaFX Application Thread] DEBUG GameApplicationServi - Starting new game
14:47:17.262 [JavaFX Application Thread] DEBUG Input                - Clearing active input actions
14:47:17.320 [JavaFX Application Thread] DEBUG GameApplicationServi - Removing overlay from FXGLStartupScene and adding to FXGLLoadingScene
14:47:17.323 [JavaFX Application Thread] DEBUG PrimaryStageWindow   - FXGLStartupScene -> FXGLLoadingScene
14:47:17.325 [JavaFX Application Thread] DEBUG GameApplicationServi - Clearing previous game
14:47:17.325 [JavaFX Application Thread] DEBUG GameScene            - Clearing game scene
14:47:17.325 [JavaFX Application Thread] DEBUG GameWorld            - Clearing game world
14:47:17.326 [JavaFX Application Thread] DEBUG PhysicsWorld         - Clearing physics world
14:47:17.332 [FXGL Background Thread 4 ] DEBUG FXGLApplication      - Initializing game
14:47:17.374 [JavaFX Application Thread] DEBUG FXGLApplication      - Registering font factories with UI factory
14:47:17.879 [FXGL Background Thread 4 ] INFO  FXGLApplication      - Game initialization took: 0,544 sec
14:47:17.882 [JavaFX Application Thread] DEBUG Input                - Clearing active input actions
14:47:17.959 [JavaFX Application Thread] DEBUG GameApplicationServi - Removing overlay from FXGLLoadingScene and adding to GameScene
14:47:17.972 [JavaFX Application Thread] DEBUG PrimaryStageWindow   - FXGLLoadingScene -> GameScene
14:47:18.611 [FXGL Background Thread 2 ] INFO  UpdaterService       - Your current version:  17.3
14:47:18.613 [FXGL Background Thread 2 ] INFO  UpdaterService       - Latest stable version: 21.1
14:47:20.068 [FXGL Background Thread 3 ] DEBUG Engine               - Logging environment variables
14:47:20.073 [FXGL Background Thread 3 ] DEBUG Engine               - achievements: []
14:47:20.074 [FXGL Background Thread 3 ] DEBUG Engine               - actualHeight: 700.0
14:47:20.074 [FXGL Background Thread 3 ] DEBUG Engine               - actualHeightProperty: ReadOnlyDoubleProperty [value: 700.0]
14:47:20.074 [FXGL Background Thread 3 ] DEBUG Engine               - actualWidth: 1000.0
14:47:20.074 [FXGL Background Thread 3 ] DEBUG Engine               - actualWidthProperty: ReadOnlyDoubleProperty [value: 1000.0]
14:47:20.074 [FXGL Background Thread 3 ] DEBUG Engine               - appIcon: fxgl_icon.png
14:47:20.074 [FXGL Background Thread 3 ] DEBUG Engine               - applicationMode: DEVELOPER
14:47:20.074 [FXGL Background Thread 3 ] DEBUG Engine               - cSSList: [fxgl_dark.css]
14:47:20.075 [FXGL Background Thread 3 ] DEBUG Engine               - collisionDetectionStrategy: BRUTE_FORCE
14:47:20.075 [FXGL Background Thread 3 ] DEBUG Engine               - configClass: Optional.empty
14:47:20.075 [FXGL Background Thread 3 ] DEBUG Engine               - credits: []
14:47:20.076 [FXGL Background Thread 3 ] DEBUG Engine               - defaultCursor: CursorInfo(imageName=fxgl_default_cursor.png, hotspotX=7.0, hotspotY=6.0)
14:47:20.082 [FXGL Background Thread 3 ] DEBUG Engine               - devBBoxColorProperty: ObjectProperty [value: 0xff0000ff]
14:47:20.083 [FXGL Background Thread 3 ] DEBUG Engine               - devEnableDebugCameraProperty: BooleanProperty [value: false]
14:47:20.084 [FXGL Background Thread 3 ] DEBUG Engine               - devSensorColorProperty: ObjectProperty [value: 0xffff00ff]
14:47:20.084 [FXGL Background Thread 3 ] DEBUG Engine               - devShowBBoxProperty: BooleanProperty [value: false]
14:47:20.084 [FXGL Background Thread 3 ] DEBUG Engine               - devShowPositionProperty: BooleanProperty [value: false]
14:47:20.084 [FXGL Background Thread 3 ] DEBUG Engine               - enabledMenuItems: []
14:47:20.084 [FXGL Background Thread 3 ] DEBUG Engine               - engineServices: [class com.almasb.fxgl.app.services.FXGLAssetLoaderService, class com.almasb.fxgl.app.FXGLApplication$GameApplicationService, class com.almasb.fxgl.app.services.FXGLDialogService, class com.almasb.fxgl.app.services.IOTaskExecutorService, class com.almasb.fxgl.io.FileSystemService, class com.almasb.fxgl.localization.LocalizationService, class com.almasb.fxgl.app.services.SystemBundleService, class com.almasb.fxgl.profile.SaveLoadService, class com.almasb.fxgl.ui.FXGLUIFactoryServiceProvider, class com.almasb.fxgl.ui.FXGLDialogFactoryServiceProvider, class com.almasb.fxgl.audio.AudioPlayer, class com.almasb.fxgl.notification.impl.NotificationServiceProvider, class com.almasb.fxgl.achievement.AchievementService, class com.almasb.fxgl.cutscene.CutsceneService, class com.almasb.fxgl.minigames.MiniGameService, class com.almasb.fxgl.net.NetService, class com.almasb.fxgl.app.services.UpdaterService, class com.almasb.fxgl.dev.DevService]
14:47:20.084 [FXGL Background Thread 3 ] DEBUG Engine               - fontGame: Abel-Regular.ttf
14:47:20.085 [FXGL Background Thread 3 ] DEBUG Engine               - fontMono: TerminalLandMono-Regular.otf
14:47:20.087 [FXGL Background Thread 3 ] DEBUG Engine               - fontSizeScaleUI: 1.0
14:47:20.088 [FXGL Background Thread 3 ] DEBUG Engine               - fontText: Courier-Prime.ttf
14:47:20.088 [FXGL Background Thread 3 ] DEBUG Engine               - fontUI: VarelaRound-Regular.ttf
14:47:20.089 [FXGL Background Thread 3 ] DEBUG Engine               - fullScreen: BooleanProperty [value: false]
14:47:20.089 [FXGL Background Thread 3 ] DEBUG Engine               - gameDifficulty: MEDIUM
14:47:20.089 [FXGL Background Thread 3 ] DEBUG Engine               - gameDifficultyProperty: ObjectProperty [value: MEDIUM]
14:47:20.089 [FXGL Background Thread 3 ] DEBUG Engine               - globalMusicVolume: 0.5
14:47:20.089 [FXGL Background Thread 3 ] DEBUG Engine               - globalMusicVolumeProperty: DoubleProperty [value: 0.5]
14:47:20.089 [FXGL Background Thread 3 ] DEBUG Engine               - globalSoundVolume: 0.5
14:47:20.090 [FXGL Background Thread 3 ] DEBUG Engine               - globalSoundVolumeProperty: DoubleProperty [value: 0.5]
14:47:20.090 [FXGL Background Thread 3 ] DEBUG Engine               - height: 700
14:47:20.091 [FXGL Background Thread 3 ] DEBUG Engine               - is3D: false
14:47:20.091 [FXGL Background Thread 3 ] DEBUG Engine               - isAndroid: false
14:47:20.092 [FXGL Background Thread 3 ] DEBUG Engine               - isBrowser: false
14:47:20.092 [FXGL Background Thread 3 ] DEBUG Engine               - isClickFeedbackEnabled: false
14:47:20.092 [FXGL Background Thread 3 ] DEBUG Engine               - isCloseConfirmation: false
14:47:20.093 [FXGL Background Thread 3 ] DEBUG Engine               - isDesktop: true
14:47:20.093 [FXGL Background Thread 3 ] DEBUG Engine               - isDeveloperMenuEnabled: false
14:47:20.094 [FXGL Background Thread 3 ] DEBUG Engine               - isEmbedded: false
14:47:20.094 [FXGL Background Thread 3 ] DEBUG Engine               - isEntityPreloadEnabled: true
14:47:20.094 [FXGL Background Thread 3 ] DEBUG Engine               - isExperimentalTiledLargeMap: false
14:47:20.094 [FXGL Background Thread 3 ] DEBUG Engine               - isFileSystemWriteAllowed: true
14:47:20.094 [FXGL Background Thread 3 ] DEBUG Engine               - isFullScreenAllowed: false
14:47:20.094 [FXGL Background Thread 3 ] DEBUG Engine               - isFullScreenFromStart: false
14:47:20.094 [FXGL Background Thread 3 ] DEBUG Engine               - isGameMenuEnabled: true
14:47:20.095 [FXGL Background Thread 3 ] DEBUG Engine               - isIOS: false
14:47:20.095 [FXGL Background Thread 3 ] DEBUG Engine               - isIntroEnabled: false
14:47:20.095 [FXGL Background Thread 3 ] DEBUG Engine               - isLinux: false
14:47:20.096 [FXGL Background Thread 3 ] DEBUG Engine               - isMac: true
14:47:20.096 [FXGL Background Thread 3 ] DEBUG Engine               - isMainMenuEnabled: false
14:47:20.097 [FXGL Background Thread 3 ] DEBUG Engine               - isManualResizeEnabled: false
14:47:20.098 [FXGL Background Thread 3 ] DEBUG Engine               - isMobile: false
14:47:20.098 [FXGL Background Thread 3 ] DEBUG Engine               - isNative: false
14:47:20.098 [FXGL Background Thread 3 ] DEBUG Engine               - isPauseMusicWhenMinimized: true
14:47:20.098 [FXGL Background Thread 3 ] DEBUG Engine               - isPreserveResizeRatio: false
14:47:20.100 [FXGL Background Thread 3 ] DEBUG Engine               - isProfilingEnabled: false
14:47:20.100 [FXGL Background Thread 3 ] DEBUG Engine               - isScaleAffectedOnResize: true
14:47:20.100 [FXGL Background Thread 3 ] DEBUG Engine               - isSingleStep: false
14:47:20.101 [FXGL Background Thread 3 ] DEBUG Engine               - isUserProfileEnabled: false
14:47:20.101 [FXGL Background Thread 3 ] DEBUG Engine               - isWindows: false
14:47:20.101 [FXGL Background Thread 3 ] DEBUG Engine               - language: ObjectProperty [value: ENGLISH]
14:47:20.101 [FXGL Background Thread 3 ] DEBUG Engine               - menuKey: ESCAPE
14:47:20.101 [FXGL Background Thread 3 ] DEBUG Engine               - mouseSensitivity: 0.2
14:47:20.102 [FXGL Background Thread 3 ] DEBUG Engine               - notificationViewClass: class com.almasb.fxgl.notification.view.XboxNotificationView
14:47:20.104 [FXGL Background Thread 3 ] DEBUG Engine               - pixelsPerMeter: 50.0
14:47:20.104 [FXGL Background Thread 3 ] DEBUG Engine               - platform: MAC
14:47:20.104 [FXGL Background Thread 3 ] DEBUG Engine               - prefHeightProperty: ReadOnlyDoubleProperty [value: 700.0]
14:47:20.106 [FXGL Background Thread 3 ] DEBUG Engine               - prefWidthProperty: ReadOnlyDoubleProperty [value: 1000.0]
14:47:20.107 [FXGL Background Thread 3 ] DEBUG Engine               - profileDir: profiles/
14:47:20.107 [FXGL Background Thread 3 ] DEBUG Engine               - profileName: StringProperty [value: DEFAULT]
14:47:20.108 [FXGL Background Thread 3 ] DEBUG Engine               - randomSeed: -1
14:47:20.110 [FXGL Background Thread 3 ] DEBUG Engine               - runtimeInfo: RuntimeInfo(platform=MAC, version=17.3, build=30.03.2023 11.49)
14:47:20.110 [FXGL Background Thread 3 ] DEBUG Engine               - saveFileExt: sav
14:47:20.110 [FXGL Background Thread 3 ] DEBUG Engine               - scaledHeightProp$fxgl: DoubleProperty [bound, value: 700.0]
14:47:20.110 [FXGL Background Thread 3 ] DEBUG Engine               - scaledWidthProp$fxgl: DoubleProperty [bound, value: 1000.0]
14:47:20.110 [FXGL Background Thread 3 ] DEBUG Engine               - sceneFactory: com.almasb.fxgl.app.scene.SceneFactory@57a6e518
14:47:20.110 [FXGL Background Thread 3 ] DEBUG Engine               - secondsIn24h: 60
14:47:20.110 [FXGL Background Thread 3 ] DEBUG Engine               - soundMenuBack: menu/back.wav
14:47:20.111 [FXGL Background Thread 3 ] DEBUG Engine               - soundMenuPress: menu/press.wav
14:47:20.111 [FXGL Background Thread 3 ] DEBUG Engine               - soundMenuSelect: menu/select.wav
14:47:20.111 [FXGL Background Thread 3 ] DEBUG Engine               - soundNotification: core/notification.wav
14:47:20.111 [FXGL Background Thread 3 ] DEBUG Engine               - stageStyle: DECORATED
14:47:20.111 [FXGL Background Thread 3 ] DEBUG Engine               - supportedLanguages: [ENGLISH, FRENCH, GERMAN, HUNGARIAN, RUSSIAN]
14:47:20.112 [FXGL Background Thread 3 ] DEBUG Engine               - ticksPerSecond: -1
14:47:20.112 [FXGL Background Thread 3 ] DEBUG Engine               - title: Pac-Man
14:47:20.112 [FXGL Background Thread 3 ] DEBUG Engine               - urlGithub: https://github.com/AlmasB/FXGL
14:47:20.112 [FXGL Background Thread 3 ] DEBUG Engine               - urlLeaderboard: http://fxgl-top.herokuapp.com/
14:47:20.112 [FXGL Background Thread 3 ] DEBUG Engine               - urlPOM: https://raw.githubusercontent.com/AlmasB/FXGL/release/README.md
14:47:20.112 [FXGL Background Thread 3 ] DEBUG Engine               - userAppClass: class org.example.Main
14:47:20.112 [FXGL Background Thread 3 ] DEBUG Engine               - version: 0.0
14:47:20.112 [FXGL Background Thread 3 ] DEBUG Engine               - versionCheckDays: 7
14:47:20.112 [FXGL Background Thread 3 ] DEBUG Engine               - width: 1000
14:47:20.112 [FXGL Background Thread 3 ] DEBUG Engine               - Logging services
14:47:20.112 [FXGL Background Thread 3 ] DEBUG Engine               - class com.almasb.fxgl.app.services.FXGLAssetLoaderService
14:47:20.112 [FXGL Background Thread 3 ] DEBUG Engine               - class com.almasb.fxgl.app.FXGLApplication$GameApplicationService
14:47:20.112 [FXGL Background Thread 3 ] DEBUG Engine               - class com.almasb.fxgl.app.services.FXGLDialogService
14:47:20.112 [FXGL Background Thread 3 ] DEBUG Engine               - class com.almasb.fxgl.app.services.IOTaskExecutorService
14:47:20.112 [FXGL Background Thread 3 ] DEBUG Engine               - class com.almasb.fxgl.io.FileSystemService
14:47:20.112 [FXGL Background Thread 3 ] DEBUG Engine               - class com.almasb.fxgl.localization.LocalizationService
14:47:20.113 [FXGL Background Thread 3 ] DEBUG Engine               - class com.almasb.fxgl.app.services.SystemBundleService
14:47:20.113 [FXGL Background Thread 3 ] DEBUG Engine               - class com.almasb.fxgl.profile.SaveLoadService
14:47:20.113 [FXGL Background Thread 3 ] DEBUG Engine               - class com.almasb.fxgl.ui.FXGLUIFactoryServiceProvider
14:47:20.113 [FXGL Background Thread 3 ] DEBUG Engine               - class com.almasb.fxgl.ui.FXGLDialogFactoryServiceProvider
14:47:20.113 [FXGL Background Thread 3 ] DEBUG Engine               - class com.almasb.fxgl.audio.AudioPlayer
14:47:20.113 [FXGL Background Thread 3 ] DEBUG Engine               - class com.almasb.fxgl.notification.impl.NotificationServiceProvider
14:47:20.113 [FXGL Background Thread 3 ] DEBUG Engine               - class com.almasb.fxgl.achievement.AchievementService
14:47:20.113 [FXGL Background Thread 3 ] DEBUG Engine               - class com.almasb.fxgl.cutscene.CutsceneService
14:47:20.113 [FXGL Background Thread 3 ] DEBUG Engine               - class com.almasb.fxgl.minigames.MiniGameService
14:47:20.113 [FXGL Background Thread 3 ] DEBUG Engine               - class com.almasb.fxgl.net.NetService
14:47:20.113 [FXGL Background Thread 3 ] DEBUG Engine               - class com.almasb.fxgl.app.services.UpdaterService
14:47:20.113 [FXGL Background Thread 3 ] DEBUG Engine               - class com.almasb.fxgl.dev.DevService
14:51:11.054 [JavaFX Application Thread] DEBUG FXGLApplication      - Exiting FXGL
14:51:11.062 [JavaFX Application Thread] DEBUG LoopRunner           - Stopping loop
14:51:11.062 [JavaFX Application Thread] DEBUG SystemBundleService  - Saving FXGL system data
14:51:11.088 [JavaFX Application Thread] DEBUG FileSystemAccess     - Writing to: /Users/sofya/javaLabs/untitled/system/fxgl.bundle
14:51:11.096 [JavaFX Application Thread] DEBUG Async                - Shutting down background threads
14:51:11.098 [JavaFX Application Thread] DEBUG PrimaryStageWindow   - Closing main window
14:51:11.119 [JavaFX Application Thread] DEBUG Logger               - Closing Logger
