14:40:52.300 [main                     ] DEBUG Logger               - Configured Logger
14:40:52.407 [main                     ] DEBUG GameApplication      - Logging settings
Title: Pac-Man
Version: 0.0
Width: 1000
Height: 700
Fullscreen: false
Intro: false
Profiling: false
Single step:false
App Mode: DEVELOPER
Menu Key: ESCAPE
Stage Style: DECORATED
Scene Factory: class com.almasb.fxgl.app.scene.SceneFactory

14:40:52.876 [JavaFX Application Thread] DEBUG FXGLApplication      - Initializing FXGL
14:40:52.886 [JavaFX Application Thread] INFO  Engine               - FXGL-17.3 (30.03.2023 11.49) on MAC (J:17.0.14 FX:21)
14:40:52.888 [JavaFX Application Thread] DEBUG Engine               - JRE Vendor Name: Eclipse Adoptium
14:40:52.888 [JavaFX Application Thread] DEBUG Engine               - Running on OS: Mac OS X version 13.5
14:40:52.889 [JavaFX Application Thread] DEBUG Engine               - Architecture: x86_64
14:40:52.889 [JavaFX Application Thread] INFO  Engine               - Source code and latest versions at: https://github.com/AlmasB/FXGL
14:40:52.889 [JavaFX Application Thread] INFO  Engine               -       Ask questions and discuss at: https://github.com/AlmasB/FXGL/discussions
14:40:52.889 [JavaFX Application Thread] INFO  Engine               -              Join the FXGL chat at: https://gitter.im/AlmasB/FXGL
14:40:53.009 [JavaFX Application Thread] DEBUG PrimaryStageWindow   - Creating a JavaFX scene
14:40:53.080 [JavaFX Application Thread] DEBUG PrimaryStageWindow   - Target settings size: 1000.0 x 700.0
14:40:53.081 [JavaFX Application Thread] DEBUG PrimaryStageWindow   - Scaled scene size:    1000.0 x 700.0
14:40:53.082 [JavaFX Application Thread] DEBUG PrimaryStageWindow   - Scaled ratio: (1.0, 1.0)
14:40:53.083 [JavaFX Application Thread] DEBUG PrimaryStageWindow   - Set initial scene to FXGLStartupScene
14:40:53.089 [JavaFX Application Thread] DEBUG PrimaryStageWindow   - Opening main window
14:40:53.188 [JavaFX Application Thread] DEBUG PrimaryStageWindow   - Window border size: (0.0, 28.0)
14:40:53.188 [JavaFX Application Thread] DEBUG PrimaryStageWindow   - Scaled size: 1000.0 x 700.0
14:40:53.188 [JavaFX Application Thread] DEBUG PrimaryStageWindow   - Scaled ratio: (1.0, 1.0)
14:40:53.189 [JavaFX Application Thread] DEBUG PrimaryStageWindow   - Scene size: 1000.0 x 700.0
14:40:53.190 [JavaFX Application Thread] DEBUG PrimaryStageWindow   - Stage size: 1000.0 x 728.0
14:40:53.203 [FXGL Background Thread 1 ] DEBUG Engine               - Initializing environment variables
14:40:53.361 [FXGL Background Thread 1 ] DEBUG FXGLAssetLoaderServi - User app class for loading assets: class org.example.Main
14:40:53.380 [FXGL Background Thread 1 ] DEBUG GameApplicationServi - Applying CSS: fxgl_dark.css
14:40:53.392 [FXGL Background Thread 1 ] DEBUG FXGLAssetLoaderServi - Loading from file system: jar:file:/Users/sofya/.gradle/caches/modules-2/files-2.1/com.github.almasb/fxgl/17.3/614d2b2607c97fe7b539dfa75036066a8010f74b/fxgl-17.3.jar!/fxglassets/ui/css/fxgl_dark.css
14:40:53.510 [FXGL Background Thread 1 ] DEBUG GameApplicationServi - Initializing application scenes
14:40:53.851 [FXGL Background Thread 1 ] DEBUG GameWorld            - Game world initialized
14:40:53.936 [FXGL Background Thread 1 ] DEBUG PhysicsWorld         - Physics world initialized: appHeight=700, physics.ppm=50,0
14:40:53.937 [FXGL Background Thread 1 ] DEBUG PhysicsWorld         - Using strategy: BRUTE_FORCE
14:40:53.947 [FXGL Background Thread 1 ] DEBUG GameScene            - Game scene initialized: 1000x700
14:40:53.968 [FXGL Background Thread 1 ] DEBUG FXGL.DefaultMenu     - createMenuBodyGameMenu()
14:40:53.987 [FXGL Background Thread 1 ] DEBUG FXGL.DefaultMenu     - createOptionsMenu()
14:40:54.007 [FXGL Background Thread 1 ] DEBUG FXGLAssetLoaderServi - Loading from file system: jar:file:/Users/sofya/.gradle/caches/modules-2/files-2.1/com.github.almasb/fxgl/17.3/614d2b2607c97fe7b539dfa75036066a8010f74b/fxgl-17.3.jar!/fxglassets/textures/particles/smoke.png
14:40:54.209 [FXGL Background Thread 1 ] DEBUG FXGLAssetLoaderServi - Loading from file system: jar:file:/Users/sofya/.gradle/caches/modules-2/files-2.1/com.github.almasb/fxgl/17.3/614d2b2607c97fe7b539dfa75036066a8010f74b/fxgl-17.3.jar!/fxglassets/textures/particles/trace_horizontal.png
14:40:54.265 [FXGL Background Thread 1 ] DEBUG GameApplicationServi - Application scenes initialized
14:40:54.317 [FXGL Background Thread 1 ] DEBUG SystemBundleService  - Loading FXGL system data
14:40:54.324 [FXGL Background Thread 1 ] DEBUG FileSystemAccess     - Reading from: /Users/sofya/javaLabs/untitled/system/fxgl.bundle
14:40:54.337 [FXGL Background Thread 1 ] DEBUG SystemBundleService  - Bundle FXGL: {}
14:40:54.338 [FXGL Background Thread 1 ] DEBUG UpdaterService       - Checking for updates
14:40:54.343 [FXGL Background Thread 4 ] DEBUG FXGLApplication      - Loading fonts
14:40:54.346 [FXGL Background Thread 4 ] DEBUG FXGLAssetLoaderServi - Loading from file system: jar:file:/Users/sofya/.gradle/caches/modules-2/files-2.1/com.github.almasb/fxgl/17.3/614d2b2607c97fe7b539dfa75036066a8010f74b/fxgl-17.3.jar!/fxglassets/ui/fonts/VarelaRound-Regular.ttf
14:40:54.352 [FXGL Background Thread 1 ] DEBUG FXGLApplication      - Loading default localization
14:40:54.354 [FXGL Background Thread 1 ] DEBUG FXGLAssetLoaderServi - Loading from file system: jar:file:/Users/sofya/.gradle/caches/modules-2/files-2.1/com.github.almasb/fxgl/17.3/614d2b2607c97fe7b539dfa75036066a8010f74b/fxgl-17.3.jar!/fxglassets/languages/english.lang
14:40:54.409 [FXGL Background Thread 1 ] INFO  FXGLApplication      - FXGL initialization took: 1,202 sec
14:40:54.409 [FXGL Background Thread 4 ] DEBUG FXGLAssetLoaderServi - Loading from file system: jar:file:/Users/sofya/.gradle/caches/modules-2/files-2.1/com.github.almasb/fxgl/17.3/614d2b2607c97fe7b539dfa75036066a8010f74b/fxgl-17.3.jar!/fxglassets/ui/fonts/Abel-Regular.ttf
14:40:54.418 [FXGL Background Thread 4 ] DEBUG FXGLAssetLoaderServi - Loading from file system: jar:file:/Users/sofya/.gradle/caches/modules-2/files-2.1/com.github.almasb/fxgl/17.3/614d2b2607c97fe7b539dfa75036066a8010f74b/fxgl-17.3.jar!/fxglassets/ui/fonts/TerminalLandMono-Regular.otf
14:40:54.425 [JavaFX Application Thread] DEBUG Input                - Registered new binding: action0 - Up
14:40:54.425 [FXGL Background Thread 4 ] DEBUG FXGLAssetLoaderServi - Loading from file system: jar:file:/Users/sofya/.gradle/caches/modules-2/files-2.1/com.github.almasb/fxgl/17.3/614d2b2607c97fe7b539dfa75036066a8010f74b/fxgl-17.3.jar!/fxglassets/ui/fonts/Courier-Prime.ttf
14:40:54.425 [JavaFX Application Thread] DEBUG Input                - Registered new binding: action1 - Down
14:40:54.426 [JavaFX Application Thread] DEBUG Input                - Registered new binding: action2 - Left
14:40:54.426 [JavaFX Application Thread] DEBUG Input                - Registered new binding: action3 - Right
14:40:54.426 [JavaFX Application Thread] DEBUG Input                - Registered new binding: action4 - Enter
14:40:54.429 [JavaFX Application Thread] DEBUG FXGLAssetLoaderServi - Loading from file system: jar:file:/Users/sofya/.gradle/caches/modules-2/files-2.1/com.github.almasb/fxgl/17.3/614d2b2607c97fe7b539dfa75036066a8010f74b/fxgl-17.3.jar!/fxglassets/textures/fxgl_icon.png
14:40:54.495 [JavaFX Application Thread] DEBUG FXGLAssetLoaderServi - Loading from file system: jar:file:/Users/sofya/.gradle/caches/modules-2/files-2.1/com.github.almasb/fxgl/17.3/614d2b2607c97fe7b539dfa75036066a8010f74b/fxgl-17.3.jar!/fxglassets/textures/fxgl_default_cursor.png
14:40:54.504 [JavaFX Application Thread] DEBUG Input                - Registered new binding: Screenshot - CTRL+8
14:40:54.505 [JavaFX Application Thread] DEBUG Input                - Registered new binding: System info dump - CTRL+9
14:40:54.505 [JavaFX Application Thread] DEBUG Input                - Registered new binding: Restart - CTRL+R
14:40:54.506 [JavaFX Application Thread] DEBUG Input                - Registered new binding: Toggle Debug Camera - CTRL+7
14:40:54.511 [JavaFX Application Thread] DEBUG LoopRunner           - Starting loop
14:40:54.513 [JavaFX Application Thread] DEBUG LoopRunner           - Initializing JavaFX AnimationTimerLoop
14:40:54.514 [JavaFX Application Thread] DEBUG GameApplicationServi - Starting new game
14:40:54.518 [JavaFX Application Thread] DEBUG Input                - Clearing active input actions
14:40:54.573 [JavaFX Application Thread] DEBUG GameApplicationServi - Removing overlay from FXGLStartupScene and adding to FXGLLoadingScene
14:40:54.575 [JavaFX Application Thread] DEBUG PrimaryStageWindow   - FXGLStartupScene -> FXGLLoadingScene
14:40:54.576 [JavaFX Application Thread] DEBUG GameApplicationServi - Clearing previous game
14:40:54.577 [JavaFX Application Thread] DEBUG GameScene            - Clearing game scene
14:40:54.577 [JavaFX Application Thread] DEBUG GameWorld            - Clearing game world
14:40:54.577 [JavaFX Application Thread] DEBUG PhysicsWorld         - Clearing physics world
14:40:54.585 [FXGL Background Thread 4 ] DEBUG FXGLApplication      - Initializing game
14:40:54.630 [JavaFX Application Thread] DEBUG FXGLApplication      - Registering font factories with UI factory
14:40:55.169 [FXGL Background Thread 4 ] INFO  FXGLApplication      - Game initialization took: 0,581 sec
14:40:55.178 [JavaFX Application Thread] DEBUG Input                - Clearing active input actions
14:40:55.256 [JavaFX Application Thread] DEBUG GameApplicationServi - Removing overlay from FXGLLoadingScene and adding to GameScene
14:40:55.263 [JavaFX Application Thread] DEBUG PrimaryStageWindow   - FXGLLoadingScene -> GameScene
14:40:55.745 [FXGL Background Thread 2 ] INFO  UpdaterService       - Your current version:  17.3
14:40:55.748 [FXGL Background Thread 2 ] INFO  UpdaterService       - Latest stable version: 21.1
14:40:57.343 [FXGL Background Thread 3 ] DEBUG Engine               - Logging environment variables
14:40:57.355 [FXGL Background Thread 3 ] DEBUG Engine               - achievements: []
14:40:57.356 [FXGL Background Thread 3 ] DEBUG Engine               - actualHeight: 700.0
14:40:57.356 [FXGL Background Thread 3 ] DEBUG Engine               - actualHeightProperty: ReadOnlyDoubleProperty [value: 700.0]
14:40:57.356 [FXGL Background Thread 3 ] DEBUG Engine               - actualWidth: 1000.0
14:40:57.356 [FXGL Background Thread 3 ] DEBUG Engine               - actualWidthProperty: ReadOnlyDoubleProperty [value: 1000.0]
14:40:57.356 [FXGL Background Thread 3 ] DEBUG Engine               - appIcon: fxgl_icon.png
14:40:57.356 [FXGL Background Thread 3 ] DEBUG Engine               - applicationMode: DEVELOPER
14:40:57.356 [FXGL Background Thread 3 ] DEBUG Engine               - cSSList: [fxgl_dark.css]
14:40:57.356 [FXGL Background Thread 3 ] DEBUG Engine               - collisionDetectionStrategy: BRUTE_FORCE
14:40:57.356 [FXGL Background Thread 3 ] DEBUG Engine               - configClass: Optional.empty
14:40:57.356 [FXGL Background Thread 3 ] DEBUG Engine               - credits: []
14:40:57.362 [FXGL Background Thread 3 ] DEBUG Engine               - defaultCursor: CursorInfo(imageName=fxgl_default_cursor.png, hotspotX=7.0, hotspotY=6.0)
14:40:57.369 [FXGL Background Thread 3 ] DEBUG Engine               - devBBoxColorProperty: ObjectProperty [value: 0xff0000ff]
14:40:57.369 [FXGL Background Thread 3 ] DEBUG Engine               - devEnableDebugCameraProperty: BooleanProperty [value: false]
14:40:57.370 [FXGL Background Thread 3 ] DEBUG Engine               - devSensorColorProperty: ObjectProperty [value: 0xffff00ff]
14:40:57.370 [FXGL Background Thread 3 ] DEBUG Engine               - devShowBBoxProperty: BooleanProperty [value: false]
14:40:57.370 [FXGL Background Thread 3 ] DEBUG Engine               - devShowPositionProperty: BooleanProperty [value: false]
14:40:57.370 [FXGL Background Thread 3 ] DEBUG Engine               - enabledMenuItems: []
14:40:57.370 [FXGL Background Thread 3 ] DEBUG Engine               - engineServices: [class com.almasb.fxgl.app.services.FXGLAssetLoaderService, class com.almasb.fxgl.app.FXGLApplication$GameApplicationService, class com.almasb.fxgl.app.services.FXGLDialogService, class com.almasb.fxgl.app.services.IOTaskExecutorService, class com.almasb.fxgl.io.FileSystemService, class com.almasb.fxgl.localization.LocalizationService, class com.almasb.fxgl.app.services.SystemBundleService, class com.almasb.fxgl.profile.SaveLoadService, class com.almasb.fxgl.ui.FXGLUIFactoryServiceProvider, class com.almasb.fxgl.ui.FXGLDialogFactoryServiceProvider, class com.almasb.fxgl.audio.AudioPlayer, class com.almasb.fxgl.notification.impl.NotificationServiceProvider, class com.almasb.fxgl.achievement.AchievementService, class com.almasb.fxgl.cutscene.CutsceneService, class com.almasb.fxgl.minigames.MiniGameService, class com.almasb.fxgl.net.NetService, class com.almasb.fxgl.app.services.UpdaterService, class com.almasb.fxgl.dev.DevService]
14:40:57.371 [FXGL Background Thread 3 ] DEBUG Engine               - fontGame: Abel-Regular.ttf
14:40:57.371 [FXGL Background Thread 3 ] DEBUG Engine               - fontMono: TerminalLandMono-Regular.otf
14:40:57.371 [FXGL Background Thread 3 ] DEBUG Engine               - fontSizeScaleUI: 1.0
14:40:57.372 [FXGL Background Thread 3 ] DEBUG Engine               - fontText: Courier-Prime.ttf
14:40:57.372 [FXGL Background Thread 3 ] DEBUG Engine               - fontUI: VarelaRound-Regular.ttf
14:40:57.372 [FXGL Background Thread 3 ] DEBUG Engine               - fullScreen: BooleanProperty [value: false]
14:40:57.372 [FXGL Background Thread 3 ] DEBUG Engine               - gameDifficulty: MEDIUM
14:40:57.372 [FXGL Background Thread 3 ] DEBUG Engine               - gameDifficultyProperty: ObjectProperty [value: MEDIUM]
14:40:57.372 [FXGL Background Thread 3 ] DEBUG Engine               - globalMusicVolume: 0.5
14:40:57.372 [FXGL Background Thread 3 ] DEBUG Engine               - globalMusicVolumeProperty: DoubleProperty [value: 0.5]
14:40:57.372 [FXGL Background Thread 3 ] DEBUG Engine               - globalSoundVolume: 0.5
14:40:57.372 [FXGL Background Thread 3 ] DEBUG Engine               - globalSoundVolumeProperty: DoubleProperty [value: 0.5]
14:40:57.372 [FXGL Background Thread 3 ] DEBUG Engine               - height: 700
14:40:57.372 [FXGL Background Thread 3 ] DEBUG Engine               - is3D: false
14:40:57.373 [FXGL Background Thread 3 ] DEBUG Engine               - isAndroid: false
14:40:57.373 [FXGL Background Thread 3 ] DEBUG Engine               - isBrowser: false
14:40:57.373 [FXGL Background Thread 3 ] DEBUG Engine               - isClickFeedbackEnabled: false
14:40:57.373 [FXGL Background Thread 3 ] DEBUG Engine               - isCloseConfirmation: false
14:40:57.373 [FXGL Background Thread 3 ] DEBUG Engine               - isDesktop: true
14:40:57.373 [FXGL Background Thread 3 ] DEBUG Engine               - isDeveloperMenuEnabled: false
14:40:57.373 [FXGL Background Thread 3 ] DEBUG Engine               - isEmbedded: false
14:40:57.373 [FXGL Background Thread 3 ] DEBUG Engine               - isEntityPreloadEnabled: true
14:40:57.373 [FXGL Background Thread 3 ] DEBUG Engine               - isExperimentalTiledLargeMap: false
14:40:57.373 [FXGL Background Thread 3 ] DEBUG Engine               - isFileSystemWriteAllowed: true
14:40:57.373 [FXGL Background Thread 3 ] DEBUG Engine               - isFullScreenAllowed: false
14:40:57.373 [FXGL Background Thread 3 ] DEBUG Engine               - isFullScreenFromStart: false
14:40:57.373 [FXGL Background Thread 3 ] DEBUG Engine               - isGameMenuEnabled: true
14:40:57.373 [FXGL Background Thread 3 ] DEBUG Engine               - isIOS: false
14:40:57.373 [FXGL Background Thread 3 ] DEBUG Engine               - isIntroEnabled: false
14:40:57.373 [FXGL Background Thread 3 ] DEBUG Engine               - isLinux: false
14:40:57.373 [FXGL Background Thread 3 ] DEBUG Engine               - isMac: true
14:40:57.374 [FXGL Background Thread 3 ] DEBUG Engine               - isMainMenuEnabled: false
14:40:57.374 [FXGL Background Thread 3 ] DEBUG Engine               - isManualResizeEnabled: false
14:40:57.375 [FXGL Background Thread 3 ] DEBUG Engine               - isMobile: false
14:40:57.376 [FXGL Background Thread 3 ] DEBUG Engine               - isNative: false
14:40:57.376 [FXGL Background Thread 3 ] DEBUG Engine               - isPauseMusicWhenMinimized: true
14:40:57.376 [FXGL Background Thread 3 ] DEBUG Engine               - isPreserveResizeRatio: false
14:40:57.376 [FXGL Background Thread 3 ] DEBUG Engine               - isProfilingEnabled: false
14:40:57.376 [FXGL Background Thread 3 ] DEBUG Engine               - isScaleAffectedOnResize: true
14:40:57.376 [FXGL Background Thread 3 ] DEBUG Engine               - isSingleStep: false
14:40:57.376 [FXGL Background Thread 3 ] DEBUG Engine               - isUserProfileEnabled: false
14:40:57.376 [FXGL Background Thread 3 ] DEBUG Engine               - isWindows: false
14:40:57.376 [FXGL Background Thread 3 ] DEBUG Engine               - language: ObjectProperty [value: ENGLISH]
14:40:57.377 [FXGL Background Thread 3 ] DEBUG Engine               - menuKey: ESCAPE
14:40:57.378 [FXGL Background Thread 3 ] DEBUG Engine               - mouseSensitivity: 0.2
14:40:57.378 [FXGL Background Thread 3 ] DEBUG Engine               - notificationViewClass: class com.almasb.fxgl.notification.view.XboxNotificationView
14:40:57.379 [FXGL Background Thread 3 ] DEBUG Engine               - pixelsPerMeter: 50.0
14:40:57.379 [FXGL Background Thread 3 ] DEBUG Engine               - platform: MAC
14:40:57.379 [FXGL Background Thread 3 ] DEBUG Engine               - prefHeightProperty: ReadOnlyDoubleProperty [value: 700.0]
14:40:57.379 [FXGL Background Thread 3 ] DEBUG Engine               - prefWidthProperty: ReadOnlyDoubleProperty [value: 1000.0]
14:40:57.379 [FXGL Background Thread 3 ] DEBUG Engine               - profileDir: profiles/
14:40:57.379 [FXGL Background Thread 3 ] DEBUG Engine               - profileName: StringProperty [value: DEFAULT]
14:40:57.379 [FXGL Background Thread 3 ] DEBUG Engine               - randomSeed: -1
14:40:57.379 [FXGL Background Thread 3 ] DEBUG Engine               - runtimeInfo: RuntimeInfo(platform=MAC, version=17.3, build=30.03.2023 11.49)
14:40:57.380 [FXGL Background Thread 3 ] DEBUG Engine               - saveFileExt: sav
14:40:57.380 [FXGL Background Thread 3 ] DEBUG Engine               - scaledHeightProp$fxgl: DoubleProperty [bound, value: 700.0]
14:40:57.380 [FXGL Background Thread 3 ] DEBUG Engine               - scaledWidthProp$fxgl: DoubleProperty [bound, value: 1000.0]
14:40:57.380 [FXGL Background Thread 3 ] DEBUG Engine               - sceneFactory: com.almasb.fxgl.app.scene.SceneFactory@72b2c342
14:40:57.380 [FXGL Background Thread 3 ] DEBUG Engine               - secondsIn24h: 60
14:40:57.380 [FXGL Background Thread 3 ] DEBUG Engine               - soundMenuBack: menu/back.wav
14:40:57.380 [FXGL Background Thread 3 ] DEBUG Engine               - soundMenuPress: menu/press.wav
14:40:57.380 [FXGL Background Thread 3 ] DEBUG Engine               - soundMenuSelect: menu/select.wav
14:40:57.380 [FXGL Background Thread 3 ] DEBUG Engine               - soundNotification: core/notification.wav
14:40:57.380 [FXGL Background Thread 3 ] DEBUG Engine               - stageStyle: DECORATED
14:40:57.380 [FXGL Background Thread 3 ] DEBUG Engine               - supportedLanguages: [ENGLISH, FRENCH, GERMAN, HUNGARIAN, RUSSIAN]
14:40:57.380 [FXGL Background Thread 3 ] DEBUG Engine               - ticksPerSecond: -1
14:40:57.380 [FXGL Background Thread 3 ] DEBUG Engine               - title: Pac-Man
14:40:57.380 [FXGL Background Thread 3 ] DEBUG Engine               - urlGithub: https://github.com/AlmasB/FXGL
14:40:57.380 [FXGL Background Thread 3 ] DEBUG Engine               - urlLeaderboard: http://fxgl-top.herokuapp.com/
14:40:57.380 [FXGL Background Thread 3 ] DEBUG Engine               - urlPOM: https://raw.githubusercontent.com/AlmasB/FXGL/release/README.md
14:40:57.380 [FXGL Background Thread 3 ] DEBUG Engine               - userAppClass: class org.example.Main
14:40:57.380 [FXGL Background Thread 3 ] DEBUG Engine               - version: 0.0
14:40:57.380 [FXGL Background Thread 3 ] DEBUG Engine               - versionCheckDays: 7
14:40:57.380 [FXGL Background Thread 3 ] DEBUG Engine               - width: 1000
14:40:57.381 [FXGL Background Thread 3 ] DEBUG Engine               - Logging services
14:40:57.381 [FXGL Background Thread 3 ] DEBUG Engine               - class com.almasb.fxgl.app.services.FXGLAssetLoaderService
14:40:57.381 [FXGL Background Thread 3 ] DEBUG Engine               - class com.almasb.fxgl.app.FXGLApplication$GameApplicationService
14:40:57.381 [FXGL Background Thread 3 ] DEBUG Engine               - class com.almasb.fxgl.app.services.FXGLDialogService
14:40:57.381 [FXGL Background Thread 3 ] DEBUG Engine               - class com.almasb.fxgl.app.services.IOTaskExecutorService
14:40:57.381 [FXGL Background Thread 3 ] DEBUG Engine               - class com.almasb.fxgl.io.FileSystemService
14:40:57.381 [FXGL Background Thread 3 ] DEBUG Engine               - class com.almasb.fxgl.localization.LocalizationService
14:40:57.381 [FXGL Background Thread 3 ] DEBUG Engine               - class com.almasb.fxgl.app.services.SystemBundleService
14:40:57.381 [FXGL Background Thread 3 ] DEBUG Engine               - class com.almasb.fxgl.profile.SaveLoadService
14:40:57.381 [FXGL Background Thread 3 ] DEBUG Engine               - class com.almasb.fxgl.ui.FXGLUIFactoryServiceProvider
14:40:57.381 [FXGL Background Thread 3 ] DEBUG Engine               - class com.almasb.fxgl.ui.FXGLDialogFactoryServiceProvider
14:40:57.381 [FXGL Background Thread 3 ] DEBUG Engine               - class com.almasb.fxgl.audio.AudioPlayer
14:40:57.381 [FXGL Background Thread 3 ] DEBUG Engine               - class com.almasb.fxgl.notification.impl.NotificationServiceProvider
14:40:57.381 [FXGL Background Thread 3 ] DEBUG Engine               - class com.almasb.fxgl.achievement.AchievementService
14:40:57.381 [FXGL Background Thread 3 ] DEBUG Engine               - class com.almasb.fxgl.cutscene.CutsceneService
14:40:57.381 [FXGL Background Thread 3 ] DEBUG Engine               - class com.almasb.fxgl.minigames.MiniGameService
14:40:57.381 [FXGL Background Thread 3 ] DEBUG Engine               - class com.almasb.fxgl.net.NetService
14:40:57.381 [FXGL Background Thread 3 ] DEBUG Engine               - class com.almasb.fxgl.app.services.UpdaterService
14:40:57.381 [FXGL Background Thread 3 ] DEBUG Engine               - class com.almasb.fxgl.dev.DevService
14:41:05.520 [JavaFX Application Thread] DEBUG FXGLApplication      - Exiting FXGL
14:41:05.524 [JavaFX Application Thread] DEBUG LoopRunner           - Stopping loop
14:41:05.525 [JavaFX Application Thread] DEBUG SystemBundleService  - Saving FXGL system data
14:41:05.530 [JavaFX Application Thread] DEBUG FileSystemAccess     - Writing to: /Users/sofya/javaLabs/untitled/system/fxgl.bundle
14:41:05.539 [JavaFX Application Thread] DEBUG Async                - Shutting down background threads
14:41:05.540 [JavaFX Application Thread] DEBUG PrimaryStageWindow   - Closing main window
14:41:05.549 [JavaFX Application Thread] DEBUG Logger               - Closing Logger
