15:22:57.181 [main                     ] DEBUG Logger               - Configured Logger
15:22:57.281 [main                     ] DEBUG GameApplication      - Logging settings
Title: Pac-Man
Version: 0.0
Width: 1000
Height: 700
Fullscreen: false
Intro: false
Profiling: false
Single step:false
App Mode: DEVELOPER
Menu Key: ESCAPE
Stage Style: DECORATED
Scene Factory: class com.almasb.fxgl.app.scene.SceneFactory

15:22:57.776 [JavaFX Application Thread] DEBUG FXGLApplication      - Initializing FXGL
15:22:57.788 [JavaFX Application Thread] INFO  Engine               - FXGL-17.3 (30.03.2023 11.49) on MAC (J:17.0.14 FX:21)
15:22:57.790 [JavaFX Application Thread] DEBUG Engine               - JRE Vendor Name: Eclipse Adoptium
15:22:57.790 [JavaFX Application Thread] DEBUG Engine               - Running on OS: Mac OS X version 13.5
15:22:57.790 [JavaFX Application Thread] DEBUG Engine               - Architecture: x86_64
15:22:57.791 [JavaFX Application Thread] INFO  Engine               - Source code and latest versions at: https://github.com/AlmasB/FXGL
15:22:57.791 [JavaFX Application Thread] INFO  Engine               -       Ask questions and discuss at: https://github.com/AlmasB/FXGL/discussions
15:22:57.791 [JavaFX Application Thread] INFO  Engine               -              Join the FXGL chat at: https://gitter.im/AlmasB/FXGL
15:22:57.906 [JavaFX Application Thread] DEBUG PrimaryStageWindow   - Creating a JavaFX scene
15:22:57.980 [JavaFX Application Thread] DEBUG PrimaryStageWindow   - Target settings size: 1000.0 x 700.0
15:22:57.981 [JavaFX Application Thread] DEBUG PrimaryStageWindow   - Scaled scene size:    1000.0 x 700.0
15:22:57.982 [JavaFX Application Thread] DEBUG PrimaryStageWindow   - Scaled ratio: (1.0, 1.0)
15:22:57.983 [JavaFX Application Thread] DEBUG PrimaryStageWindow   - Set initial scene to FXGLStartupScene
15:22:57.990 [JavaFX Application Thread] DEBUG PrimaryStageWindow   - Opening main window
15:22:58.092 [JavaFX Application Thread] DEBUG PrimaryStageWindow   - Window border size: (0.0, 28.0)
15:22:58.092 [JavaFX Application Thread] DEBUG PrimaryStageWindow   - Scaled size: 1000.0 x 700.0
15:22:58.092 [JavaFX Application Thread] DEBUG PrimaryStageWindow   - Scaled ratio: (1.0, 1.0)
15:22:58.093 [JavaFX Application Thread] DEBUG PrimaryStageWindow   - Scene size: 1000.0 x 700.0
15:22:58.094 [JavaFX Application Thread] DEBUG PrimaryStageWindow   - Stage size: 1000.0 x 728.0
15:22:58.103 [FXGL Background Thread 1 ] DEBUG Engine               - Initializing environment variables
15:22:58.255 [FXGL Background Thread 1 ] DEBUG FXGLAssetLoaderServi - User app class for loading assets: class org.example.Main
15:22:58.271 [FXGL Background Thread 1 ] DEBUG GameApplicationServi - Applying CSS: fxgl_dark.css
15:22:58.289 [FXGL Background Thread 1 ] DEBUG FXGLAssetLoaderServi - Loading from file system: jar:file:/Users/sofya/.gradle/caches/modules-2/files-2.1/com.github.almasb/fxgl/17.3/614d2b2607c97fe7b539dfa75036066a8010f74b/fxgl-17.3.jar!/fxglassets/ui/css/fxgl_dark.css
15:22:58.399 [FXGL Background Thread 1 ] DEBUG GameApplicationServi - Initializing application scenes
15:22:58.724 [FXGL Background Thread 1 ] DEBUG GameWorld            - Game world initialized
15:22:58.798 [FXGL Background Thread 1 ] DEBUG PhysicsWorld         - Physics world initialized: appHeight=700, physics.ppm=50,0
15:22:58.798 [FXGL Background Thread 1 ] DEBUG PhysicsWorld         - Using strategy: BRUTE_FORCE
15:22:58.811 [FXGL Background Thread 1 ] DEBUG GameScene            - Game scene initialized: 1000x700
15:22:58.843 [FXGL Background Thread 1 ] DEBUG FXGL.DefaultMenu     - createMenuBodyGameMenu()
15:22:58.857 [FXGL Background Thread 1 ] DEBUG FXGL.DefaultMenu     - createOptionsMenu()
15:22:58.878 [FXGL Background Thread 1 ] DEBUG FXGLAssetLoaderServi - Loading from file system: jar:file:/Users/sofya/.gradle/caches/modules-2/files-2.1/com.github.almasb/fxgl/17.3/614d2b2607c97fe7b539dfa75036066a8010f74b/fxgl-17.3.jar!/fxglassets/textures/particles/smoke.png
15:22:59.089 [FXGL Background Thread 1 ] DEBUG FXGLAssetLoaderServi - Loading from file system: jar:file:/Users/sofya/.gradle/caches/modules-2/files-2.1/com.github.almasb/fxgl/17.3/614d2b2607c97fe7b539dfa75036066a8010f74b/fxgl-17.3.jar!/fxglassets/textures/particles/trace_horizontal.png
15:22:59.146 [FXGL Background Thread 1 ] DEBUG GameApplicationServi - Application scenes initialized
15:22:59.169 [FXGL Background Thread 1 ] DEBUG SystemBundleService  - Loading FXGL system data
15:22:59.180 [FXGL Background Thread 1 ] DEBUG FileSystemAccess     - Reading from: /Users/sofya/javaLabs/untitled/system/fxgl.bundle
15:22:59.194 [FXGL Background Thread 1 ] DEBUG SystemBundleService  - Bundle FXGL: {}
15:22:59.194 [FXGL Background Thread 1 ] DEBUG UpdaterService       - Checking for updates
15:22:59.199 [FXGL Background Thread 4 ] DEBUG FXGLApplication      - Loading fonts
15:22:59.200 [FXGL Background Thread 1 ] DEBUG FXGLApplication      - Loading default localization
15:22:59.201 [FXGL Background Thread 4 ] DEBUG FXGLAssetLoaderServi - Loading from file system: jar:file:/Users/sofya/.gradle/caches/modules-2/files-2.1/com.github.almasb/fxgl/17.3/614d2b2607c97fe7b539dfa75036066a8010f74b/fxgl-17.3.jar!/fxglassets/ui/fonts/VarelaRound-Regular.ttf
15:22:59.201 [FXGL Background Thread 1 ] DEBUG FXGLAssetLoaderServi - Loading from file system: jar:file:/Users/sofya/.gradle/caches/modules-2/files-2.1/com.github.almasb/fxgl/17.3/614d2b2607c97fe7b539dfa75036066a8010f74b/fxgl-17.3.jar!/fxglassets/languages/english.lang
15:22:59.265 [FXGL Background Thread 4 ] DEBUG FXGLAssetLoaderServi - Loading from file system: jar:file:/Users/sofya/.gradle/caches/modules-2/files-2.1/com.github.almasb/fxgl/17.3/614d2b2607c97fe7b539dfa75036066a8010f74b/fxgl-17.3.jar!/fxglassets/ui/fonts/Abel-Regular.ttf
15:22:59.273 [FXGL Background Thread 1 ] INFO  FXGLApplication      - FXGL initialization took: 1,170 sec
15:22:59.279 [FXGL Background Thread 4 ] DEBUG FXGLAssetLoaderServi - Loading from file system: jar:file:/Users/sofya/.gradle/caches/modules-2/files-2.1/com.github.almasb/fxgl/17.3/614d2b2607c97fe7b539dfa75036066a8010f74b/fxgl-17.3.jar!/fxglassets/ui/fonts/TerminalLandMono-Regular.otf
15:22:59.284 [FXGL Background Thread 4 ] DEBUG FXGLAssetLoaderServi - Loading from file system: jar:file:/Users/sofya/.gradle/caches/modules-2/files-2.1/com.github.almasb/fxgl/17.3/614d2b2607c97fe7b539dfa75036066a8010f74b/fxgl-17.3.jar!/fxglassets/ui/fonts/Courier-Prime.ttf
15:22:59.295 [JavaFX Application Thread] DEBUG Input                - Registered new binding: action0 - Up
15:22:59.296 [JavaFX Application Thread] DEBUG Input                - Registered new binding: action1 - Down
15:22:59.296 [JavaFX Application Thread] DEBUG Input                - Registered new binding: action2 - Left
15:22:59.297 [JavaFX Application Thread] DEBUG Input                - Registered new binding: action3 - Right
15:22:59.298 [JavaFX Application Thread] DEBUG Input                - Registered new binding: action4 - Enter
15:22:59.298 [JavaFX Application Thread] DEBUG FXGLAssetLoaderServi - Loading from file system: jar:file:/Users/sofya/.gradle/caches/modules-2/files-2.1/com.github.almasb/fxgl/17.3/614d2b2607c97fe7b539dfa75036066a8010f74b/fxgl-17.3.jar!/fxglassets/textures/fxgl_icon.png
15:22:59.359 [JavaFX Application Thread] DEBUG FXGLAssetLoaderServi - Loading from file system: jar:file:/Users/sofya/.gradle/caches/modules-2/files-2.1/com.github.almasb/fxgl/17.3/614d2b2607c97fe7b539dfa75036066a8010f74b/fxgl-17.3.jar!/fxglassets/textures/fxgl_default_cursor.png
15:22:59.366 [JavaFX Application Thread] DEBUG Input                - Registered new binding: Screenshot - CTRL+8
15:22:59.367 [JavaFX Application Thread] DEBUG Input                - Registered new binding: System info dump - CTRL+9
15:22:59.368 [JavaFX Application Thread] DEBUG Input                - Registered new binding: Restart - CTRL+R
15:22:59.369 [JavaFX Application Thread] DEBUG Input                - Registered new binding: Toggle Debug Camera - CTRL+7
15:22:59.376 [JavaFX Application Thread] DEBUG LoopRunner           - Starting loop
15:22:59.378 [JavaFX Application Thread] DEBUG LoopRunner           - Initializing JavaFX AnimationTimerLoop
15:22:59.380 [JavaFX Application Thread] DEBUG GameApplicationServi - Starting new game
15:22:59.382 [JavaFX Application Thread] DEBUG Input                - Clearing active input actions
15:22:59.445 [JavaFX Application Thread] DEBUG GameApplicationServi - Removing overlay from FXGLStartupScene and adding to FXGLLoadingScene
15:22:59.447 [JavaFX Application Thread] DEBUG PrimaryStageWindow   - FXGLStartupScene -> FXGLLoadingScene
15:22:59.447 [JavaFX Application Thread] DEBUG GameApplicationServi - Clearing previous game
15:22:59.448 [JavaFX Application Thread] DEBUG GameScene            - Clearing game scene
15:22:59.448 [JavaFX Application Thread] DEBUG GameWorld            - Clearing game world
15:22:59.448 [JavaFX Application Thread] DEBUG PhysicsWorld         - Clearing physics world
15:22:59.452 [FXGL Background Thread 4 ] DEBUG FXGLApplication      - Initializing game
15:22:59.493 [JavaFX Application Thread] DEBUG FXGLApplication      - Registering font factories with UI factory
15:23:00.037 [FXGL Background Thread 4 ] INFO  FXGLApplication      - Game initialization took: 0,584 sec
15:23:00.040 [JavaFX Application Thread] DEBUG Input                - Clearing active input actions
15:23:00.131 [JavaFX Application Thread] DEBUG GameApplicationServi - Removing overlay from FXGLLoadingScene and adding to GameScene
15:23:00.138 [JavaFX Application Thread] DEBUG PrimaryStageWindow   - FXGLLoadingScene -> GameScene
15:23:00.682 [FXGL Background Thread 2 ] INFO  UpdaterService       - Your current version:  17.3
15:23:00.684 [FXGL Background Thread 2 ] INFO  UpdaterService       - Latest stable version: 21.1
15:23:02.202 [FXGL Background Thread 3 ] DEBUG Engine               - Logging environment variables
15:23:02.213 [FXGL Background Thread 3 ] DEBUG Engine               - achievements: []
15:23:02.214 [FXGL Background Thread 3 ] DEBUG Engine               - actualHeight: 700.0
15:23:02.214 [FXGL Background Thread 3 ] DEBUG Engine               - actualHeightProperty: ReadOnlyDoubleProperty [value: 700.0]
15:23:02.214 [FXGL Background Thread 3 ] DEBUG Engine               - actualWidth: 1000.0
15:23:02.214 [FXGL Background Thread 3 ] DEBUG Engine               - actualWidthProperty: ReadOnlyDoubleProperty [value: 1000.0]
15:23:02.215 [FXGL Background Thread 3 ] DEBUG Engine               - appIcon: fxgl_icon.png
15:23:02.215 [FXGL Background Thread 3 ] DEBUG Engine               - applicationMode: DEVELOPER
15:23:02.215 [FXGL Background Thread 3 ] DEBUG Engine               - cSSList: [fxgl_dark.css]
15:23:02.215 [FXGL Background Thread 3 ] DEBUG Engine               - collisionDetectionStrategy: BRUTE_FORCE
15:23:02.215 [FXGL Background Thread 3 ] DEBUG Engine               - configClass: Optional.empty
15:23:02.215 [FXGL Background Thread 3 ] DEBUG Engine               - credits: []
15:23:02.216 [FXGL Background Thread 3 ] DEBUG Engine               - defaultCursor: CursorInfo(imageName=fxgl_default_cursor.png, hotspotX=7.0, hotspotY=6.0)
15:23:02.225 [FXGL Background Thread 3 ] DEBUG Engine               - devBBoxColorProperty: ObjectProperty [value: 0xff0000ff]
15:23:02.226 [FXGL Background Thread 3 ] DEBUG Engine               - devEnableDebugCameraProperty: BooleanProperty [value: false]
15:23:02.226 [FXGL Background Thread 3 ] DEBUG Engine               - devSensorColorProperty: ObjectProperty [value: 0xffff00ff]
15:23:02.226 [FXGL Background Thread 3 ] DEBUG Engine               - devShowBBoxProperty: BooleanProperty [value: false]
15:23:02.226 [FXGL Background Thread 3 ] DEBUG Engine               - devShowPositionProperty: BooleanProperty [value: false]
15:23:02.227 [FXGL Background Thread 3 ] DEBUG Engine               - enabledMenuItems: []
15:23:02.227 [FXGL Background Thread 3 ] DEBUG Engine               - engineServices: [class com.almasb.fxgl.app.services.FXGLAssetLoaderService, class com.almasb.fxgl.app.FXGLApplication$GameApplicationService, class com.almasb.fxgl.app.services.FXGLDialogService, class com.almasb.fxgl.app.services.IOTaskExecutorService, class com.almasb.fxgl.io.FileSystemService, class com.almasb.fxgl.localization.LocalizationService, class com.almasb.fxgl.app.services.SystemBundleService, class com.almasb.fxgl.profile.SaveLoadService, class com.almasb.fxgl.ui.FXGLUIFactoryServiceProvider, class com.almasb.fxgl.ui.FXGLDialogFactoryServiceProvider, class com.almasb.fxgl.audio.AudioPlayer, class com.almasb.fxgl.notification.impl.NotificationServiceProvider, class com.almasb.fxgl.achievement.AchievementService, class com.almasb.fxgl.cutscene.CutsceneService, class com.almasb.fxgl.minigames.MiniGameService, class com.almasb.fxgl.net.NetService, class com.almasb.fxgl.app.services.UpdaterService, class com.almasb.fxgl.dev.DevService]
15:23:02.227 [FXGL Background Thread 3 ] DEBUG Engine               - fontGame: Abel-Regular.ttf
15:23:02.227 [FXGL Background Thread 3 ] DEBUG Engine               - fontMono: TerminalLandMono-Regular.otf
15:23:02.228 [FXGL Background Thread 3 ] DEBUG Engine               - fontSizeScaleUI: 1.0
15:23:02.229 [FXGL Background Thread 3 ] DEBUG Engine               - fontText: Courier-Prime.ttf
15:23:02.229 [FXGL Background Thread 3 ] DEBUG Engine               - fontUI: VarelaRound-Regular.ttf
15:23:02.229 [FXGL Background Thread 3 ] DEBUG Engine               - fullScreen: BooleanProperty [value: false]
15:23:02.229 [FXGL Background Thread 3 ] DEBUG Engine               - gameDifficulty: MEDIUM
15:23:02.229 [FXGL Background Thread 3 ] DEBUG Engine               - gameDifficultyProperty: ObjectProperty [value: MEDIUM]
15:23:02.230 [FXGL Background Thread 3 ] DEBUG Engine               - globalMusicVolume: 0.5
15:23:02.230 [FXGL Background Thread 3 ] DEBUG Engine               - globalMusicVolumeProperty: DoubleProperty [value: 0.5]
15:23:02.230 [FXGL Background Thread 3 ] DEBUG Engine               - globalSoundVolume: 0.5
15:23:02.230 [FXGL Background Thread 3 ] DEBUG Engine               - globalSoundVolumeProperty: DoubleProperty [value: 0.5]
15:23:02.230 [FXGL Background Thread 3 ] DEBUG Engine               - height: 700
15:23:02.230 [FXGL Background Thread 3 ] DEBUG Engine               - is3D: false
15:23:02.230 [FXGL Background Thread 3 ] DEBUG Engine               - isAndroid: false
15:23:02.230 [FXGL Background Thread 3 ] DEBUG Engine               - isBrowser: false
15:23:02.230 [FXGL Background Thread 3 ] DEBUG Engine               - isClickFeedbackEnabled: false
15:23:02.230 [FXGL Background Thread 3 ] DEBUG Engine               - isCloseConfirmation: false
15:23:02.230 [FXGL Background Thread 3 ] DEBUG Engine               - isDesktop: true
15:23:02.230 [FXGL Background Thread 3 ] DEBUG Engine               - isDeveloperMenuEnabled: false
15:23:02.230 [FXGL Background Thread 3 ] DEBUG Engine               - isEmbedded: false
15:23:02.230 [FXGL Background Thread 3 ] DEBUG Engine               - isEntityPreloadEnabled: true
15:23:02.230 [FXGL Background Thread 3 ] DEBUG Engine               - isExperimentalTiledLargeMap: false
15:23:02.230 [FXGL Background Thread 3 ] DEBUG Engine               - isFileSystemWriteAllowed: true
15:23:02.230 [FXGL Background Thread 3 ] DEBUG Engine               - isFullScreenAllowed: false
15:23:02.231 [FXGL Background Thread 3 ] DEBUG Engine               - isFullScreenFromStart: false
15:23:02.231 [FXGL Background Thread 3 ] DEBUG Engine               - isGameMenuEnabled: true
15:23:02.231 [FXGL Background Thread 3 ] DEBUG Engine               - isIOS: false
15:23:02.231 [FXGL Background Thread 3 ] DEBUG Engine               - isIntroEnabled: false
15:23:02.231 [FXGL Background Thread 3 ] DEBUG Engine               - isLinux: false
15:23:02.231 [FXGL Background Thread 3 ] DEBUG Engine               - isMac: true
15:23:02.231 [FXGL Background Thread 3 ] DEBUG Engine               - isMainMenuEnabled: false
15:23:02.232 [FXGL Background Thread 3 ] DEBUG Engine               - isManualResizeEnabled: false
15:23:02.232 [FXGL Background Thread 3 ] DEBUG Engine               - isMobile: false
15:23:02.233 [FXGL Background Thread 3 ] DEBUG Engine               - isNative: false
15:23:02.233 [FXGL Background Thread 3 ] DEBUG Engine               - isPauseMusicWhenMinimized: true
15:23:02.233 [FXGL Background Thread 3 ] DEBUG Engine               - isPreserveResizeRatio: false
15:23:02.233 [FXGL Background Thread 3 ] DEBUG Engine               - isProfilingEnabled: false
15:23:02.233 [FXGL Background Thread 3 ] DEBUG Engine               - isScaleAffectedOnResize: true
15:23:02.233 [FXGL Background Thread 3 ] DEBUG Engine               - isSingleStep: false
15:23:02.233 [FXGL Background Thread 3 ] DEBUG Engine               - isUserProfileEnabled: false
15:23:02.235 [FXGL Background Thread 3 ] DEBUG Engine               - isWindows: false
15:23:02.235 [FXGL Background Thread 3 ] DEBUG Engine               - language: ObjectProperty [value: ENGLISH]
15:23:02.235 [FXGL Background Thread 3 ] DEBUG Engine               - menuKey: ESCAPE
15:23:02.235 [FXGL Background Thread 3 ] DEBUG Engine               - mouseSensitivity: 0.2
15:23:02.235 [FXGL Background Thread 3 ] DEBUG Engine               - notificationViewClass: class com.almasb.fxgl.notification.view.XboxNotificationView
15:23:02.235 [FXGL Background Thread 3 ] DEBUG Engine               - pixelsPerMeter: 50.0
15:23:02.236 [FXGL Background Thread 3 ] DEBUG Engine               - platform: MAC
15:23:02.236 [FXGL Background Thread 3 ] DEBUG Engine               - prefHeightProperty: ReadOnlyDoubleProperty [value: 700.0]
15:23:02.237 [FXGL Background Thread 3 ] DEBUG Engine               - prefWidthProperty: ReadOnlyDoubleProperty [value: 1000.0]
15:23:02.237 [FXGL Background Thread 3 ] DEBUG Engine               - profileDir: profiles/
15:23:02.237 [FXGL Background Thread 3 ] DEBUG Engine               - profileName: StringProperty [value: DEFAULT]
15:23:02.237 [FXGL Background Thread 3 ] DEBUG Engine               - randomSeed: -1
15:23:02.237 [FXGL Background Thread 3 ] DEBUG Engine               - runtimeInfo: RuntimeInfo(platform=MAC, version=17.3, build=30.03.2023 11.49)
15:23:02.237 [FXGL Background Thread 3 ] DEBUG Engine               - saveFileExt: sav
15:23:02.237 [FXGL Background Thread 3 ] DEBUG Engine               - scaledHeightProp$fxgl: DoubleProperty [bound, value: 700.0]
15:23:02.237 [FXGL Background Thread 3 ] DEBUG Engine               - scaledWidthProp$fxgl: DoubleProperty [bound, value: 1000.0]
15:23:02.237 [FXGL Background Thread 3 ] DEBUG Engine               - sceneFactory: com.almasb.fxgl.app.scene.SceneFactory@3126b946
15:23:02.237 [FXGL Background Thread 3 ] DEBUG Engine               - secondsIn24h: 60
15:23:02.237 [FXGL Background Thread 3 ] DEBUG Engine               - soundMenuBack: menu/back.wav
15:23:02.237 [FXGL Background Thread 3 ] DEBUG Engine               - soundMenuPress: menu/press.wav
15:23:02.237 [FXGL Background Thread 3 ] DEBUG Engine               - soundMenuSelect: menu/select.wav
15:23:02.238 [FXGL Background Thread 3 ] DEBUG Engine               - soundNotification: core/notification.wav
15:23:02.238 [FXGL Background Thread 3 ] DEBUG Engine               - stageStyle: DECORATED
15:23:02.238 [FXGL Background Thread 3 ] DEBUG Engine               - supportedLanguages: [ENGLISH, FRENCH, GERMAN, HUNGARIAN, RUSSIAN]
15:23:02.238 [FXGL Background Thread 3 ] DEBUG Engine               - ticksPerSecond: -1
15:23:02.238 [FXGL Background Thread 3 ] DEBUG Engine               - title: Pac-Man
15:23:02.238 [FXGL Background Thread 3 ] DEBUG Engine               - urlGithub: https://github.com/AlmasB/FXGL
15:23:02.238 [FXGL Background Thread 3 ] DEBUG Engine               - urlLeaderboard: http://fxgl-top.herokuapp.com/
15:23:02.238 [FXGL Background Thread 3 ] DEBUG Engine               - urlPOM: https://raw.githubusercontent.com/AlmasB/FXGL/release/README.md
15:23:02.238 [FXGL Background Thread 3 ] DEBUG Engine               - userAppClass: class org.example.Main
15:23:02.239 [FXGL Background Thread 3 ] DEBUG Engine               - version: 0.0
15:23:02.239 [FXGL Background Thread 3 ] DEBUG Engine               - versionCheckDays: 7
15:23:02.240 [FXGL Background Thread 3 ] DEBUG Engine               - width: 1000
15:23:02.240 [FXGL Background Thread 3 ] DEBUG Engine               - Logging services
15:23:02.240 [FXGL Background Thread 3 ] DEBUG Engine               - class com.almasb.fxgl.app.services.FXGLAssetLoaderService
15:23:02.240 [FXGL Background Thread 3 ] DEBUG Engine               - class com.almasb.fxgl.app.FXGLApplication$GameApplicationService
15:23:02.240 [FXGL Background Thread 3 ] DEBUG Engine               - class com.almasb.fxgl.app.services.FXGLDialogService
15:23:02.240 [FXGL Background Thread 3 ] DEBUG Engine               - class com.almasb.fxgl.app.services.IOTaskExecutorService
15:23:02.240 [FXGL Background Thread 3 ] DEBUG Engine               - class com.almasb.fxgl.io.FileSystemService
15:23:02.240 [FXGL Background Thread 3 ] DEBUG Engine               - class com.almasb.fxgl.localization.LocalizationService
15:23:02.240 [FXGL Background Thread 3 ] DEBUG Engine               - class com.almasb.fxgl.app.services.SystemBundleService
15:23:02.240 [FXGL Background Thread 3 ] DEBUG Engine               - class com.almasb.fxgl.profile.SaveLoadService
15:23:02.240 [FXGL Background Thread 3 ] DEBUG Engine               - class com.almasb.fxgl.ui.FXGLUIFactoryServiceProvider
15:23:02.240 [FXGL Background Thread 3 ] DEBUG Engine               - class com.almasb.fxgl.ui.FXGLDialogFactoryServiceProvider
15:23:02.240 [FXGL Background Thread 3 ] DEBUG Engine               - class com.almasb.fxgl.audio.AudioPlayer
15:23:02.240 [FXGL Background Thread 3 ] DEBUG Engine               - class com.almasb.fxgl.notification.impl.NotificationServiceProvider
15:23:02.240 [FXGL Background Thread 3 ] DEBUG Engine               - class com.almasb.fxgl.achievement.AchievementService
15:23:02.240 [FXGL Background Thread 3 ] DEBUG Engine               - class com.almasb.fxgl.cutscene.CutsceneService
15:23:02.241 [FXGL Background Thread 3 ] DEBUG Engine               - class com.almasb.fxgl.minigames.MiniGameService
15:23:02.241 [FXGL Background Thread 3 ] DEBUG Engine               - class com.almasb.fxgl.net.NetService
15:23:02.241 [FXGL Background Thread 3 ] DEBUG Engine               - class com.almasb.fxgl.app.services.UpdaterService
15:23:02.241 [FXGL Background Thread 3 ] DEBUG Engine               - class com.almasb.fxgl.dev.DevService
15:25:20.912 [JavaFX Application Thread] DEBUG FXGLApplication      - Exiting FXGL
15:25:20.921 [JavaFX Application Thread] DEBUG LoopRunner           - Stopping loop
15:25:20.921 [JavaFX Application Thread] DEBUG SystemBundleService  - Saving FXGL system data
15:25:20.930 [JavaFX Application Thread] DEBUG FileSystemAccess     - Writing to: /Users/sofya/javaLabs/untitled/system/fxgl.bundle
15:25:20.937 [JavaFX Application Thread] DEBUG Async                - Shutting down background threads
15:25:20.938 [JavaFX Application Thread] DEBUG PrimaryStageWindow   - Closing main window
15:25:20.953 [JavaFX Application Thread] DEBUG Logger               - Closing Logger
