14:38:48.211 [main                     ] DEBUG Logger               - Configured Logger
14:38:48.318 [main                     ] DEBUG GameApplication      - Logging settings
Title: Pac-Man
Version: 0.0
Width: 1000
Height: 700
Fullscreen: false
Intro: false
Profiling: false
Single step:false
App Mode: DEVELOPER
Menu Key: ESCAPE
Stage Style: DECORATED
Scene Factory: class com.almasb.fxgl.app.scene.SceneFactory

14:38:48.815 [JavaFX Application Thread] DEBUG FXGLApplication      - Initializing FXGL
14:38:48.829 [JavaFX Application Thread] INFO  Engine               - FXGL-17.3 (30.03.2023 11.49) on MAC (J:17.0.14 FX:21)
14:38:48.831 [JavaFX Application Thread] DEBUG Engine               - JRE Vendor Name: Eclipse Adoptium
14:38:48.833 [JavaFX Application Thread] DEBUG Engine               - Running on OS: Mac OS X version 13.5
14:38:48.833 [JavaFX Application Thread] DEBUG Engine               - Architecture: x86_64
14:38:48.833 [JavaFX Application Thread] INFO  Engine               - Source code and latest versions at: https://github.com/AlmasB/FXGL
14:38:48.833 [JavaFX Application Thread] INFO  Engine               -       Ask questions and discuss at: https://github.com/AlmasB/FXGL/discussions
14:38:48.833 [JavaFX Application Thread] INFO  Engine               -              Join the FXGL chat at: https://gitter.im/AlmasB/FXGL
14:38:48.942 [JavaFX Application Thread] DEBUG PrimaryStageWindow   - Creating a JavaFX scene
14:38:49.015 [JavaFX Application Thread] DEBUG PrimaryStageWindow   - Target settings size: 1000.0 x 700.0
14:38:49.015 [JavaFX Application Thread] DEBUG PrimaryStageWindow   - Scaled scene size:    1000.0 x 700.0
14:38:49.016 [JavaFX Application Thread] DEBUG PrimaryStageWindow   - Scaled ratio: (1.0, 1.0)
14:38:49.018 [JavaFX Application Thread] DEBUG PrimaryStageWindow   - Set initial scene to FXGLStartupScene
14:38:49.026 [JavaFX Application Thread] DEBUG PrimaryStageWindow   - Opening main window
14:38:49.127 [JavaFX Application Thread] DEBUG PrimaryStageWindow   - Window border size: (0.0, 28.0)
14:38:49.128 [JavaFX Application Thread] DEBUG PrimaryStageWindow   - Scaled size: 1000.0 x 700.0
14:38:49.128 [JavaFX Application Thread] DEBUG PrimaryStageWindow   - Scaled ratio: (1.0, 1.0)
14:38:49.129 [JavaFX Application Thread] DEBUG PrimaryStageWindow   - Scene size: 1000.0 x 700.0
14:38:49.130 [JavaFX Application Thread] DEBUG PrimaryStageWindow   - Stage size: 1000.0 x 728.0
14:38:49.138 [FXGL Background Thread 1 ] DEBUG Engine               - Initializing environment variables
14:38:49.297 [FXGL Background Thread 1 ] DEBUG FXGLAssetLoaderServi - User app class for loading assets: class org.example.Main
14:38:49.302 [FXGL Background Thread 1 ] DEBUG GameApplicationServi - Applying CSS: fxgl_dark.css
14:38:49.335 [FXGL Background Thread 1 ] DEBUG FXGLAssetLoaderServi - Loading from file system: jar:file:/Users/sofya/.gradle/caches/modules-2/files-2.1/com.github.almasb/fxgl/17.3/614d2b2607c97fe7b539dfa75036066a8010f74b/fxgl-17.3.jar!/fxglassets/ui/css/fxgl_dark.css
14:38:49.440 [FXGL Background Thread 1 ] DEBUG GameApplicationServi - Initializing application scenes
14:38:49.770 [FXGL Background Thread 1 ] DEBUG GameWorld            - Game world initialized
14:38:49.848 [FXGL Background Thread 1 ] DEBUG PhysicsWorld         - Physics world initialized: appHeight=700, physics.ppm=50,0
14:38:49.849 [FXGL Background Thread 1 ] DEBUG PhysicsWorld         - Using strategy: BRUTE_FORCE
14:38:49.860 [FXGL Background Thread 1 ] DEBUG GameScene            - Game scene initialized: 1000x700
14:38:49.890 [FXGL Background Thread 1 ] DEBUG FXGL.DefaultMenu     - createMenuBodyGameMenu()
14:38:49.904 [FXGL Background Thread 1 ] DEBUG FXGL.DefaultMenu     - createOptionsMenu()
14:38:49.921 [FXGL Background Thread 1 ] DEBUG FXGLAssetLoaderServi - Loading from file system: jar:file:/Users/sofya/.gradle/caches/modules-2/files-2.1/com.github.almasb/fxgl/17.3/614d2b2607c97fe7b539dfa75036066a8010f74b/fxgl-17.3.jar!/fxglassets/textures/particles/smoke.png
14:38:50.142 [FXGL Background Thread 1 ] DEBUG FXGLAssetLoaderServi - Loading from file system: jar:file:/Users/sofya/.gradle/caches/modules-2/files-2.1/com.github.almasb/fxgl/17.3/614d2b2607c97fe7b539dfa75036066a8010f74b/fxgl-17.3.jar!/fxglassets/textures/particles/trace_horizontal.png
14:38:50.201 [FXGL Background Thread 1 ] DEBUG GameApplicationServi - Application scenes initialized
14:38:50.223 [FXGL Background Thread 1 ] DEBUG SystemBundleService  - Loading FXGL system data
14:38:50.232 [FXGL Background Thread 1 ] DEBUG FileSystemAccess     - Reading from: /Users/sofya/javaLabs/untitled/system/fxgl.bundle
14:38:50.249 [FXGL Background Thread 1 ] DEBUG SystemBundleService  - Bundle FXGL: {}
14:38:50.249 [FXGL Background Thread 1 ] DEBUG UpdaterService       - Checking for updates
14:38:50.254 [FXGL Background Thread 4 ] DEBUG FXGLApplication      - Loading fonts
14:38:50.255 [FXGL Background Thread 1 ] DEBUG FXGLApplication      - Loading default localization
14:38:50.256 [FXGL Background Thread 4 ] DEBUG FXGLAssetLoaderServi - Loading from file system: jar:file:/Users/sofya/.gradle/caches/modules-2/files-2.1/com.github.almasb/fxgl/17.3/614d2b2607c97fe7b539dfa75036066a8010f74b/fxgl-17.3.jar!/fxglassets/ui/fonts/VarelaRound-Regular.ttf
14:38:50.264 [FXGL Background Thread 1 ] DEBUG FXGLAssetLoaderServi - Loading from file system: jar:file:/Users/sofya/.gradle/caches/modules-2/files-2.1/com.github.almasb/fxgl/17.3/614d2b2607c97fe7b539dfa75036066a8010f74b/fxgl-17.3.jar!/fxglassets/languages/english.lang
14:38:50.306 [FXGL Background Thread 4 ] DEBUG FXGLAssetLoaderServi - Loading from file system: jar:file:/Users/sofya/.gradle/caches/modules-2/files-2.1/com.github.almasb/fxgl/17.3/614d2b2607c97fe7b539dfa75036066a8010f74b/fxgl-17.3.jar!/fxglassets/ui/fonts/Abel-Regular.ttf
14:38:50.322 [FXGL Background Thread 1 ] INFO  FXGLApplication      - FXGL initialization took: 1,183 sec
14:38:50.326 [FXGL Background Thread 4 ] DEBUG FXGLAssetLoaderServi - Loading from file system: jar:file:/Users/sofya/.gradle/caches/modules-2/files-2.1/com.github.almasb/fxgl/17.3/614d2b2607c97fe7b539dfa75036066a8010f74b/fxgl-17.3.jar!/fxglassets/ui/fonts/TerminalLandMono-Regular.otf
14:38:50.337 [FXGL Background Thread 4 ] DEBUG FXGLAssetLoaderServi - Loading from file system: jar:file:/Users/sofya/.gradle/caches/modules-2/files-2.1/com.github.almasb/fxgl/17.3/614d2b2607c97fe7b539dfa75036066a8010f74b/fxgl-17.3.jar!/fxglassets/ui/fonts/Courier-Prime.ttf
14:38:50.349 [JavaFX Application Thread] DEBUG Input                - Registered new binding: action0 - Up
14:38:50.350 [JavaFX Application Thread] DEBUG Input                - Registered new binding: action1 - Down
14:38:50.351 [JavaFX Application Thread] DEBUG Input                - Registered new binding: action2 - Left
14:38:50.351 [JavaFX Application Thread] DEBUG Input                - Registered new binding: action3 - Right
14:38:50.351 [JavaFX Application Thread] DEBUG Input                - Registered new binding: action4 - Enter
14:38:50.352 [JavaFX Application Thread] DEBUG FXGLAssetLoaderServi - Loading from file system: jar:file:/Users/sofya/.gradle/caches/modules-2/files-2.1/com.github.almasb/fxgl/17.3/614d2b2607c97fe7b539dfa75036066a8010f74b/fxgl-17.3.jar!/fxglassets/textures/fxgl_icon.png
14:38:50.418 [JavaFX Application Thread] DEBUG FXGLAssetLoaderServi - Loading from file system: jar:file:/Users/sofya/.gradle/caches/modules-2/files-2.1/com.github.almasb/fxgl/17.3/614d2b2607c97fe7b539dfa75036066a8010f74b/fxgl-17.3.jar!/fxglassets/textures/fxgl_default_cursor.png
14:38:50.425 [JavaFX Application Thread] DEBUG Input                - Registered new binding: Screenshot - CTRL+8
14:38:50.426 [JavaFX Application Thread] DEBUG Input                - Registered new binding: System info dump - CTRL+9
14:38:50.427 [JavaFX Application Thread] DEBUG Input                - Registered new binding: Restart - CTRL+R
14:38:50.428 [JavaFX Application Thread] DEBUG Input                - Registered new binding: Toggle Debug Camera - CTRL+7
14:38:50.433 [JavaFX Application Thread] DEBUG LoopRunner           - Starting loop
14:38:50.435 [JavaFX Application Thread] DEBUG LoopRunner           - Initializing JavaFX AnimationTimerLoop
14:38:50.436 [JavaFX Application Thread] DEBUG GameApplicationServi - Starting new game
14:38:50.437 [JavaFX Application Thread] DEBUG Input                - Clearing active input actions
14:38:50.499 [JavaFX Application Thread] DEBUG GameApplicationServi - Removing overlay from FXGLStartupScene and adding to FXGLLoadingScene
14:38:50.501 [JavaFX Application Thread] DEBUG PrimaryStageWindow   - FXGLStartupScene -> FXGLLoadingScene
14:38:50.502 [JavaFX Application Thread] DEBUG GameApplicationServi - Clearing previous game
14:38:50.503 [JavaFX Application Thread] DEBUG GameScene            - Clearing game scene
14:38:50.503 [JavaFX Application Thread] DEBUG GameWorld            - Clearing game world
14:38:50.503 [JavaFX Application Thread] DEBUG PhysicsWorld         - Clearing physics world
14:38:50.508 [FXGL Background Thread 4 ] DEBUG FXGLApplication      - Initializing game
14:38:50.547 [JavaFX Application Thread] DEBUG FXGLApplication      - Registering font factories with UI factory
14:38:51.134 [FXGL Background Thread 4 ] INFO  FXGLApplication      - Game initialization took: 0,625 sec
14:38:51.137 [JavaFX Application Thread] DEBUG Input                - Clearing active input actions
14:38:51.224 [JavaFX Application Thread] DEBUG GameApplicationServi - Removing overlay from FXGLLoadingScene and adding to GameScene
14:38:51.231 [JavaFX Application Thread] DEBUG PrimaryStageWindow   - FXGLLoadingScene -> GameScene
14:38:51.802 [FXGL Background Thread 2 ] INFO  UpdaterService       - Your current version:  17.3
14:38:51.806 [FXGL Background Thread 2 ] INFO  UpdaterService       - Latest stable version: 21.1
14:38:53.257 [FXGL Background Thread 3 ] DEBUG Engine               - Logging environment variables
14:38:53.268 [FXGL Background Thread 3 ] DEBUG Engine               - achievements: []
14:38:53.268 [FXGL Background Thread 3 ] DEBUG Engine               - actualHeight: 700.0
14:38:53.268 [FXGL Background Thread 3 ] DEBUG Engine               - actualHeightProperty: ReadOnlyDoubleProperty [value: 700.0]
14:38:53.268 [FXGL Background Thread 3 ] DEBUG Engine               - actualWidth: 1000.0
14:38:53.268 [FXGL Background Thread 3 ] DEBUG Engine               - actualWidthProperty: ReadOnlyDoubleProperty [value: 1000.0]
14:38:53.269 [FXGL Background Thread 3 ] DEBUG Engine               - appIcon: fxgl_icon.png
14:38:53.269 [FXGL Background Thread 3 ] DEBUG Engine               - applicationMode: DEVELOPER
14:38:53.269 [FXGL Background Thread 3 ] DEBUG Engine               - cSSList: [fxgl_dark.css]
14:38:53.269 [FXGL Background Thread 3 ] DEBUG Engine               - collisionDetectionStrategy: BRUTE_FORCE
14:38:53.269 [FXGL Background Thread 3 ] DEBUG Engine               - configClass: Optional.empty
14:38:53.269 [FXGL Background Thread 3 ] DEBUG Engine               - credits: []
14:38:53.275 [FXGL Background Thread 3 ] DEBUG Engine               - defaultCursor: CursorInfo(imageName=fxgl_default_cursor.png, hotspotX=7.0, hotspotY=6.0)
14:38:53.283 [FXGL Background Thread 3 ] DEBUG Engine               - devBBoxColorProperty: ObjectProperty [value: 0xff0000ff]
14:38:53.284 [FXGL Background Thread 3 ] DEBUG Engine               - devEnableDebugCameraProperty: BooleanProperty [value: false]
14:38:53.285 [FXGL Background Thread 3 ] DEBUG Engine               - devSensorColorProperty: ObjectProperty [value: 0xffff00ff]
14:38:53.285 [FXGL Background Thread 3 ] DEBUG Engine               - devShowBBoxProperty: BooleanProperty [value: false]
14:38:53.285 [FXGL Background Thread 3 ] DEBUG Engine               - devShowPositionProperty: BooleanProperty [value: false]
14:38:53.285 [FXGL Background Thread 3 ] DEBUG Engine               - enabledMenuItems: []
14:38:53.285 [FXGL Background Thread 3 ] DEBUG Engine               - engineServices: [class com.almasb.fxgl.app.services.FXGLAssetLoaderService, class com.almasb.fxgl.app.FXGLApplication$GameApplicationService, class com.almasb.fxgl.app.services.FXGLDialogService, class com.almasb.fxgl.app.services.IOTaskExecutorService, class com.almasb.fxgl.io.FileSystemService, class com.almasb.fxgl.localization.LocalizationService, class com.almasb.fxgl.app.services.SystemBundleService, class com.almasb.fxgl.profile.SaveLoadService, class com.almasb.fxgl.ui.FXGLUIFactoryServiceProvider, class com.almasb.fxgl.ui.FXGLDialogFactoryServiceProvider, class com.almasb.fxgl.audio.AudioPlayer, class com.almasb.fxgl.notification.impl.NotificationServiceProvider, class com.almasb.fxgl.achievement.AchievementService, class com.almasb.fxgl.cutscene.CutsceneService, class com.almasb.fxgl.minigames.MiniGameService, class com.almasb.fxgl.net.NetService, class com.almasb.fxgl.app.services.UpdaterService, class com.almasb.fxgl.dev.DevService]
14:38:53.285 [FXGL Background Thread 3 ] DEBUG Engine               - fontGame: Abel-Regular.ttf
14:38:53.285 [FXGL Background Thread 3 ] DEBUG Engine               - fontMono: TerminalLandMono-Regular.otf
14:38:53.285 [FXGL Background Thread 3 ] DEBUG Engine               - fontSizeScaleUI: 1.0
14:38:53.286 [FXGL Background Thread 3 ] DEBUG Engine               - fontText: Courier-Prime.ttf
14:38:53.286 [FXGL Background Thread 3 ] DEBUG Engine               - fontUI: VarelaRound-Regular.ttf
14:38:53.287 [FXGL Background Thread 3 ] DEBUG Engine               - fullScreen: BooleanProperty [value: false]
14:38:53.288 [FXGL Background Thread 3 ] DEBUG Engine               - gameDifficulty: MEDIUM
14:38:53.288 [FXGL Background Thread 3 ] DEBUG Engine               - gameDifficultyProperty: ObjectProperty [value: MEDIUM]
14:38:53.290 [FXGL Background Thread 3 ] DEBUG Engine               - globalMusicVolume: 0.5
14:38:53.290 [FXGL Background Thread 3 ] DEBUG Engine               - globalMusicVolumeProperty: DoubleProperty [value: 0.5]
14:38:53.290 [FXGL Background Thread 3 ] DEBUG Engine               - globalSoundVolume: 0.5
14:38:53.290 [FXGL Background Thread 3 ] DEBUG Engine               - globalSoundVolumeProperty: DoubleProperty [value: 0.5]
14:38:53.290 [FXGL Background Thread 3 ] DEBUG Engine               - height: 700
14:38:53.290 [FXGL Background Thread 3 ] DEBUG Engine               - is3D: false
14:38:53.290 [FXGL Background Thread 3 ] DEBUG Engine               - isAndroid: false
14:38:53.290 [FXGL Background Thread 3 ] DEBUG Engine               - isBrowser: false
14:38:53.290 [FXGL Background Thread 3 ] DEBUG Engine               - isClickFeedbackEnabled: false
14:38:53.290 [FXGL Background Thread 3 ] DEBUG Engine               - isCloseConfirmation: false
14:38:53.290 [FXGL Background Thread 3 ] DEBUG Engine               - isDesktop: true
14:38:53.290 [FXGL Background Thread 3 ] DEBUG Engine               - isDeveloperMenuEnabled: false
14:38:53.290 [FXGL Background Thread 3 ] DEBUG Engine               - isEmbedded: false
14:38:53.290 [FXGL Background Thread 3 ] DEBUG Engine               - isEntityPreloadEnabled: true
14:38:53.290 [FXGL Background Thread 3 ] DEBUG Engine               - isExperimentalTiledLargeMap: false
14:38:53.290 [FXGL Background Thread 3 ] DEBUG Engine               - isFileSystemWriteAllowed: true
14:38:53.290 [FXGL Background Thread 3 ] DEBUG Engine               - isFullScreenAllowed: false
14:38:53.291 [FXGL Background Thread 3 ] DEBUG Engine               - isFullScreenFromStart: false
14:38:53.291 [FXGL Background Thread 3 ] DEBUG Engine               - isGameMenuEnabled: true
14:38:53.291 [FXGL Background Thread 3 ] DEBUG Engine               - isIOS: false
14:38:53.291 [FXGL Background Thread 3 ] DEBUG Engine               - isIntroEnabled: false
14:38:53.291 [FXGL Background Thread 3 ] DEBUG Engine               - isLinux: false
14:38:53.291 [FXGL Background Thread 3 ] DEBUG Engine               - isMac: true
14:38:53.292 [FXGL Background Thread 3 ] DEBUG Engine               - isMainMenuEnabled: false
14:38:53.295 [FXGL Background Thread 3 ] DEBUG Engine               - isManualResizeEnabled: false
14:38:53.295 [FXGL Background Thread 3 ] DEBUG Engine               - isMobile: false
14:38:53.295 [FXGL Background Thread 3 ] DEBUG Engine               - isNative: false
14:38:53.295 [FXGL Background Thread 3 ] DEBUG Engine               - isPauseMusicWhenMinimized: true
14:38:53.295 [FXGL Background Thread 3 ] DEBUG Engine               - isPreserveResizeRatio: false
14:38:53.295 [FXGL Background Thread 3 ] DEBUG Engine               - isProfilingEnabled: false
14:38:53.295 [FXGL Background Thread 3 ] DEBUG Engine               - isScaleAffectedOnResize: true
14:38:53.295 [FXGL Background Thread 3 ] DEBUG Engine               - isSingleStep: false
14:38:53.295 [FXGL Background Thread 3 ] DEBUG Engine               - isUserProfileEnabled: false
14:38:53.295 [FXGL Background Thread 3 ] DEBUG Engine               - isWindows: false
14:38:53.296 [FXGL Background Thread 3 ] DEBUG Engine               - language: ObjectProperty [value: ENGLISH]
14:38:53.297 [FXGL Background Thread 3 ] DEBUG Engine               - menuKey: ESCAPE
14:38:53.299 [FXGL Background Thread 3 ] DEBUG Engine               - mouseSensitivity: 0.2
14:38:53.299 [FXGL Background Thread 3 ] DEBUG Engine               - notificationViewClass: class com.almasb.fxgl.notification.view.XboxNotificationView
14:38:53.299 [FXGL Background Thread 3 ] DEBUG Engine               - pixelsPerMeter: 50.0
14:38:53.299 [FXGL Background Thread 3 ] DEBUG Engine               - platform: MAC
14:38:53.300 [FXGL Background Thread 3 ] DEBUG Engine               - prefHeightProperty: ReadOnlyDoubleProperty [value: 700.0]
14:38:53.300 [FXGL Background Thread 3 ] DEBUG Engine               - prefWidthProperty: ReadOnlyDoubleProperty [value: 1000.0]
14:38:53.300 [FXGL Background Thread 3 ] DEBUG Engine               - profileDir: profiles/
14:38:53.300 [FXGL Background Thread 3 ] DEBUG Engine               - profileName: StringProperty [value: DEFAULT]
14:38:53.300 [FXGL Background Thread 3 ] DEBUG Engine               - randomSeed: -1
14:38:53.303 [FXGL Background Thread 3 ] DEBUG Engine               - runtimeInfo: RuntimeInfo(platform=MAC, version=17.3, build=30.03.2023 11.49)
14:38:53.304 [FXGL Background Thread 3 ] DEBUG Engine               - saveFileExt: sav
14:38:53.305 [FXGL Background Thread 3 ] DEBUG Engine               - scaledHeightProp$fxgl: DoubleProperty [bound, value: 700.0]
14:38:53.305 [FXGL Background Thread 3 ] DEBUG Engine               - scaledWidthProp$fxgl: DoubleProperty [bound, value: 1000.0]
14:38:53.305 [FXGL Background Thread 3 ] DEBUG Engine               - sceneFactory: com.almasb.fxgl.app.scene.SceneFactory@7ce6d0cb
14:38:53.305 [FXGL Background Thread 3 ] DEBUG Engine               - secondsIn24h: 60
14:38:53.305 [FXGL Background Thread 3 ] DEBUG Engine               - soundMenuBack: menu/back.wav
14:38:53.305 [FXGL Background Thread 3 ] DEBUG Engine               - soundMenuPress: menu/press.wav
14:38:53.305 [FXGL Background Thread 3 ] DEBUG Engine               - soundMenuSelect: menu/select.wav
14:38:53.306 [FXGL Background Thread 3 ] DEBUG Engine               - soundNotification: core/notification.wav
14:38:53.306 [FXGL Background Thread 3 ] DEBUG Engine               - stageStyle: DECORATED
14:38:53.306 [FXGL Background Thread 3 ] DEBUG Engine               - supportedLanguages: [ENGLISH, FRENCH, GERMAN, HUNGARIAN, RUSSIAN]
14:38:53.306 [FXGL Background Thread 3 ] DEBUG Engine               - ticksPerSecond: -1
14:38:53.306 [FXGL Background Thread 3 ] DEBUG Engine               - title: Pac-Man
14:38:53.306 [FXGL Background Thread 3 ] DEBUG Engine               - urlGithub: https://github.com/AlmasB/FXGL
14:38:53.306 [FXGL Background Thread 3 ] DEBUG Engine               - urlLeaderboard: http://fxgl-top.herokuapp.com/
14:38:53.306 [FXGL Background Thread 3 ] DEBUG Engine               - urlPOM: https://raw.githubusercontent.com/AlmasB/FXGL/release/README.md
14:38:53.306 [FXGL Background Thread 3 ] DEBUG Engine               - userAppClass: class org.example.Main
14:38:53.306 [FXGL Background Thread 3 ] DEBUG Engine               - version: 0.0
14:38:53.306 [FXGL Background Thread 3 ] DEBUG Engine               - versionCheckDays: 7
14:38:53.306 [FXGL Background Thread 3 ] DEBUG Engine               - width: 1000
14:38:53.306 [FXGL Background Thread 3 ] DEBUG Engine               - Logging services
14:38:53.306 [FXGL Background Thread 3 ] DEBUG Engine               - class com.almasb.fxgl.app.services.FXGLAssetLoaderService
14:38:53.307 [FXGL Background Thread 3 ] DEBUG Engine               - class com.almasb.fxgl.app.FXGLApplication$GameApplicationService
14:38:53.307 [FXGL Background Thread 3 ] DEBUG Engine               - class com.almasb.fxgl.app.services.FXGLDialogService
14:38:53.307 [FXGL Background Thread 3 ] DEBUG Engine               - class com.almasb.fxgl.app.services.IOTaskExecutorService
14:38:53.307 [FXGL Background Thread 3 ] DEBUG Engine               - class com.almasb.fxgl.io.FileSystemService
14:38:53.307 [FXGL Background Thread 3 ] DEBUG Engine               - class com.almasb.fxgl.localization.LocalizationService
14:38:53.307 [FXGL Background Thread 3 ] DEBUG Engine               - class com.almasb.fxgl.app.services.SystemBundleService
14:38:53.307 [FXGL Background Thread 3 ] DEBUG Engine               - class com.almasb.fxgl.profile.SaveLoadService
14:38:53.307 [FXGL Background Thread 3 ] DEBUG Engine               - class com.almasb.fxgl.ui.FXGLUIFactoryServiceProvider
14:38:53.307 [FXGL Background Thread 3 ] DEBUG Engine               - class com.almasb.fxgl.ui.FXGLDialogFactoryServiceProvider
14:38:53.307 [FXGL Background Thread 3 ] DEBUG Engine               - class com.almasb.fxgl.audio.AudioPlayer
14:38:53.307 [FXGL Background Thread 3 ] DEBUG Engine               - class com.almasb.fxgl.notification.impl.NotificationServiceProvider
14:38:53.307 [FXGL Background Thread 3 ] DEBUG Engine               - class com.almasb.fxgl.achievement.AchievementService
14:38:53.307 [FXGL Background Thread 3 ] DEBUG Engine               - class com.almasb.fxgl.cutscene.CutsceneService
14:38:53.307 [FXGL Background Thread 3 ] DEBUG Engine               - class com.almasb.fxgl.minigames.MiniGameService
14:38:53.307 [FXGL Background Thread 3 ] DEBUG Engine               - class com.almasb.fxgl.net.NetService
14:38:53.307 [FXGL Background Thread 3 ] DEBUG Engine               - class com.almasb.fxgl.app.services.UpdaterService
14:38:53.307 [FXGL Background Thread 3 ] DEBUG Engine               - class com.almasb.fxgl.dev.DevService
14:39:06.890 [JavaFX Application Thread] DEBUG FXGLApplication      - Exiting FXGL
14:39:06.894 [JavaFX Application Thread] DEBUG LoopRunner           - Stopping loop
14:39:06.895 [JavaFX Application Thread] DEBUG SystemBundleService  - Saving FXGL system data
14:39:06.908 [JavaFX Application Thread] DEBUG FileSystemAccess     - Writing to: /Users/sofya/javaLabs/untitled/system/fxgl.bundle
14:39:06.915 [JavaFX Application Thread] DEBUG Async                - Shutting down background threads
14:39:06.917 [JavaFX Application Thread] DEBUG PrimaryStageWindow   - Closing main window
14:39:06.928 [JavaFX Application Thread] DEBUG Logger               - Closing Logger
